[2025-03-31 20:00:53] local.ERROR: SQLSTATE[42S01]: Base table or view already exists: 1050 Table 'books' already exists (Connection: mysql, SQL: create table `books` (`id` bigint unsigned not null auto_increment primary key, `isbn` varchar(255) not null, `title` varchar(255) not null, `author` varchar(255) not null, `description` text not null, `date_published` date not null, `created_at` timestamp null, `updated_at` timestamp null) default character set utf8mb4 collate 'utf8mb4_unicode_ci') {"exception":"[object] (Illuminate\\Database\\QueryException(code: 42S01): SQLSTATE[42S01]: Base table or view already exists: 1050 Table 'books' already exists (Connection: mysql, SQL: create table `books` (`id` bigint unsigned not null auto_increment primary key, `isbn` varchar(255) not null, `title` varchar(255) not null, `author` varchar(255) not null, `description` text not null, `date_published` date not null, `created_at` timestamp null, `updated_at` timestamp null) default character set utf8mb4 collate 'utf8mb4_unicode_ci') at C:\\Users\\Admin\\Desktop\\Models_and_BladeEngine\\vendor\\laravel\\framework\\src\\Illuminate\\Database\\Connection.php:822)
[stacktrace]
#0 C:\\Users\\Admin\\Desktop\\Models_and_BladeEngine\\vendor\\laravel\\framework\\src\\Illuminate\\Database\\Connection.php(776): Illuminate\\Database\\Connection->runQueryCallback()
#1 C:\\Users\\Admin\\Desktop\\Models_and_BladeEngine\\vendor\\laravel\\framework\\src\\Illuminate\\Database\\Connection.php(557): Illuminate\\Database\\Connection->run()
#2 C:\\Users\\Admin\\Desktop\\Models_and_BladeEngine\\vendor\\laravel\\framework\\src\\Illuminate\\Database\\Schema\\Blueprint.php(119): Illuminate\\Database\\Connection->statement()
#3 C:\\Users\\Admin\\Desktop\\Models_and_BladeEngine\\vendor\\laravel\\framework\\src\\Illuminate\\Database\\Schema\\Builder.php(618): Illuminate\\Database\\Schema\\Blueprint->build()
#4 C:\\Users\\Admin\\Desktop\\Models_and_BladeEngine\\vendor\\laravel\\framework\\src\\Illuminate\\Database\\Schema\\Builder.php(472): Illuminate\\Database\\Schema\\Builder->build()
#5 C:\\Users\\Admin\\Desktop\\Models_and_BladeEngine\\vendor\\laravel\\framework\\src\\Illuminate\\Support\\Facades\\Facade.php(361): Illuminate\\Database\\Schema\\Builder->create()
#6 C:\\Users\\Admin\\Desktop\\Models_and_BladeEngine\\database\\migrations\\2025_03_31_195853_create_books_table.php(14): Illuminate\\Support\\Facades\\Facade::__callStatic()
#7 C:\\Users\\Admin\\Desktop\\Models_and_BladeEngine\\vendor\\laravel\\framework\\src\\Illuminate\\Database\\Migrations\\Migrator.php(514): Illuminate\\Database\\Migrations\\Migration@anonymous->up()
#8 C:\\Users\\Admin\\Desktop\\Models_and_BladeEngine\\vendor\\laravel\\framework\\src\\Illuminate\\Database\\Migrations\\Migrator.php(439): Illuminate\\Database\\Migrations\\Migrator->runMethod()
#9 C:\\Users\\Admin\\Desktop\\Models_and_BladeEngine\\vendor\\laravel\\framework\\src\\Illuminate\\Database\\Migrations\\Migrator.php(448): Illuminate\\Database\\Migrations\\Migrator->Illuminate\\Database\\Migrations\\{closure}()
#10 C:\\Users\\Admin\\Desktop\\Models_and_BladeEngine\\vendor\\laravel\\framework\\src\\Illuminate\\Database\\Migrations\\Migrator.php(250): Illuminate\\Database\\Migrations\\Migrator->runMigration()
#11 C:\\Users\\Admin\\Desktop\\Models_and_BladeEngine\\vendor\\laravel\\framework\\src\\Illuminate\\Console\\View\\Components\\Task.php(41): Illuminate\\Database\\Migrations\\Migrator->Illuminate\\Database\\Migrations\\{closure}()
#12 C:\\Users\\Admin\\Desktop\\Models_and_BladeEngine\\vendor\\laravel\\framework\\src\\Illuminate\\Database\\Migrations\\Migrator.php(805): Illuminate\\Console\\View\\Components\\Task->render()
#13 C:\\Users\\Admin\\Desktop\\Models_and_BladeEngine\\vendor\\laravel\\framework\\src\\Illuminate\\Database\\Migrations\\Migrator.php(250): Illuminate\\Database\\Migrations\\Migrator->write()
#14 C:\\Users\\Admin\\Desktop\\Models_and_BladeEngine\\vendor\\laravel\\framework\\src\\Illuminate\\Database\\Migrations\\Migrator.php(210): Illuminate\\Database\\Migrations\\Migrator->runUp()
#15 C:\\Users\\Admin\\Desktop\\Models_and_BladeEngine\\vendor\\laravel\\framework\\src\\Illuminate\\Database\\Migrations\\Migrator.php(137): Illuminate\\Database\\Migrations\\Migrator->runPending()
#16 C:\\Users\\Admin\\Desktop\\Models_and_BladeEngine\\vendor\\laravel\\framework\\src\\Illuminate\\Database\\Console\\Migrations\\MigrateCommand.php(116): Illuminate\\Database\\Migrations\\Migrator->run()
#17 C:\\Users\\Admin\\Desktop\\Models_and_BladeEngine\\vendor\\laravel\\framework\\src\\Illuminate\\Database\\Migrations\\Migrator.php(665): Illuminate\\Database\\Console\\Migrations\\MigrateCommand->Illuminate\\Database\\Console\\Migrations\\{closure}()
#18 C:\\Users\\Admin\\Desktop\\Models_and_BladeEngine\\vendor\\laravel\\framework\\src\\Illuminate\\Database\\Console\\Migrations\\MigrateCommand.php(109): Illuminate\\Database\\Migrations\\Migrator->usingConnection()
#19 C:\\Users\\Admin\\Desktop\\Models_and_BladeEngine\\vendor\\laravel\\framework\\src\\Illuminate\\Database\\Console\\Migrations\\MigrateCommand.php(88): Illuminate\\Database\\Console\\Migrations\\MigrateCommand->runMigrations()
#20 C:\\Users\\Admin\\Desktop\\Models_and_BladeEngine\\vendor\\laravel\\framework\\src\\Illuminate\\Container\\BoundMethod.php(36): Illuminate\\Database\\Console\\Migrations\\MigrateCommand->handle()
#21 C:\\Users\\Admin\\Desktop\\Models_and_BladeEngine\\vendor\\laravel\\framework\\src\\Illuminate\\Container\\Util.php(43): Illuminate\\Container\\BoundMethod::Illuminate\\Container\\{closure}()
#22 C:\\Users\\Admin\\Desktop\\Models_and_BladeEngine\\vendor\\laravel\\framework\\src\\Illuminate\\Container\\BoundMethod.php(96): Illuminate\\Container\\Util::unwrapIfClosure()
#23 C:\\Users\\Admin\\Desktop\\Models_and_BladeEngine\\vendor\\laravel\\framework\\src\\Illuminate\\Container\\BoundMethod.php(35): Illuminate\\Container\\BoundMethod::callBoundMethod()
#24 C:\\Users\\Admin\\Desktop\\Models_and_BladeEngine\\vendor\\laravel\\framework\\src\\Illuminate\\Container\\Container.php(754): Illuminate\\Container\\BoundMethod::call()
#25 C:\\Users\\Admin\\Desktop\\Models_and_BladeEngine\\vendor\\laravel\\framework\\src\\Illuminate\\Console\\Command.php(211): Illuminate\\Container\\Container->call()
#26 C:\\Users\\Admin\\Desktop\\Models_and_BladeEngine\\vendor\\symfony\\console\\Command\\Command.php(279): Illuminate\\Console\\Command->execute()
#27 C:\\Users\\Admin\\Desktop\\Models_and_BladeEngine\\vendor\\laravel\\framework\\src\\Illuminate\\Console\\Command.php(180): Symfony\\Component\\Console\\Command\\Command->run()
#28 C:\\Users\\Admin\\Desktop\\Models_and_BladeEngine\\vendor\\symfony\\console\\Application.php(1094): Illuminate\\Console\\Command->run()
#29 C:\\Users\\Admin\\Desktop\\Models_and_BladeEngine\\vendor\\symfony\\console\\Application.php(342): Symfony\\Component\\Console\\Application->doRunCommand()
#30 C:\\Users\\Admin\\Desktop\\Models_and_BladeEngine\\vendor\\symfony\\console\\Application.php(193): Symfony\\Component\\Console\\Application->doRun()
#31 C:\\Users\\Admin\\Desktop\\Models_and_BladeEngine\\vendor\\laravel\\framework\\src\\Illuminate\\Foundation\\Console\\Kernel.php(197): Symfony\\Component\\Console\\Application->run()
#32 C:\\Users\\Admin\\Desktop\\Models_and_BladeEngine\\vendor\\laravel\\framework\\src\\Illuminate\\Foundation\\Application.php(1234): Illuminate\\Foundation\\Console\\Kernel->handle()
#33 C:\\Users\\Admin\\Desktop\\Models_and_BladeEngine\\artisan(16): Illuminate\\Foundation\\Application->handleCommand()
#34 {main}

[previous exception] [object] (PDOException(code: 42S01): SQLSTATE[42S01]: Base table or view already exists: 1050 Table 'books' already exists at C:\\Users\\Admin\\Desktop\\Models_and_BladeEngine\\vendor\\laravel\\framework\\src\\Illuminate\\Database\\Connection.php:568)
[stacktrace]
#0 C:\\Users\\Admin\\Desktop\\Models_and_BladeEngine\\vendor\\laravel\\framework\\src\\Illuminate\\Database\\Connection.php(568): PDOStatement->execute()
#1 C:\\Users\\Admin\\Desktop\\Models_and_BladeEngine\\vendor\\laravel\\framework\\src\\Illuminate\\Database\\Connection.php(809): Illuminate\\Database\\Connection->Illuminate\\Database\\{closure}()
#2 C:\\Users\\Admin\\Desktop\\Models_and_BladeEngine\\vendor\\laravel\\framework\\src\\Illuminate\\Database\\Connection.php(776): Illuminate\\Database\\Connection->runQueryCallback()
#3 C:\\Users\\Admin\\Desktop\\Models_and_BladeEngine\\vendor\\laravel\\framework\\src\\Illuminate\\Database\\Connection.php(557): Illuminate\\Database\\Connection->run()
#4 C:\\Users\\Admin\\Desktop\\Models_and_BladeEngine\\vendor\\laravel\\framework\\src\\Illuminate\\Database\\Schema\\Blueprint.php(119): Illuminate\\Database\\Connection->statement()
#5 C:\\Users\\Admin\\Desktop\\Models_and_BladeEngine\\vendor\\laravel\\framework\\src\\Illuminate\\Database\\Schema\\Builder.php(618): Illuminate\\Database\\Schema\\Blueprint->build()
#6 C:\\Users\\Admin\\Desktop\\Models_and_BladeEngine\\vendor\\laravel\\framework\\src\\Illuminate\\Database\\Schema\\Builder.php(472): Illuminate\\Database\\Schema\\Builder->build()
#7 C:\\Users\\Admin\\Desktop\\Models_and_BladeEngine\\vendor\\laravel\\framework\\src\\Illuminate\\Support\\Facades\\Facade.php(361): Illuminate\\Database\\Schema\\Builder->create()
#8 C:\\Users\\Admin\\Desktop\\Models_and_BladeEngine\\database\\migrations\\2025_03_31_195853_create_books_table.php(14): Illuminate\\Support\\Facades\\Facade::__callStatic()
#9 C:\\Users\\Admin\\Desktop\\Models_and_BladeEngine\\vendor\\laravel\\framework\\src\\Illuminate\\Database\\Migrations\\Migrator.php(514): Illuminate\\Database\\Migrations\\Migration@anonymous->up()
#10 C:\\Users\\Admin\\Desktop\\Models_and_BladeEngine\\vendor\\laravel\\framework\\src\\Illuminate\\Database\\Migrations\\Migrator.php(439): Illuminate\\Database\\Migrations\\Migrator->runMethod()
#11 C:\\Users\\Admin\\Desktop\\Models_and_BladeEngine\\vendor\\laravel\\framework\\src\\Illuminate\\Database\\Migrations\\Migrator.php(448): Illuminate\\Database\\Migrations\\Migrator->Illuminate\\Database\\Migrations\\{closure}()
#12 C:\\Users\\Admin\\Desktop\\Models_and_BladeEngine\\vendor\\laravel\\framework\\src\\Illuminate\\Database\\Migrations\\Migrator.php(250): Illuminate\\Database\\Migrations\\Migrator->runMigration()
#13 C:\\Users\\Admin\\Desktop\\Models_and_BladeEngine\\vendor\\laravel\\framework\\src\\Illuminate\\Console\\View\\Components\\Task.php(41): Illuminate\\Database\\Migrations\\Migrator->Illuminate\\Database\\Migrations\\{closure}()
#14 C:\\Users\\Admin\\Desktop\\Models_and_BladeEngine\\vendor\\laravel\\framework\\src\\Illuminate\\Database\\Migrations\\Migrator.php(805): Illuminate\\Console\\View\\Components\\Task->render()
#15 C:\\Users\\Admin\\Desktop\\Models_and_BladeEngine\\vendor\\laravel\\framework\\src\\Illuminate\\Database\\Migrations\\Migrator.php(250): Illuminate\\Database\\Migrations\\Migrator->write()
#16 C:\\Users\\Admin\\Desktop\\Models_and_BladeEngine\\vendor\\laravel\\framework\\src\\Illuminate\\Database\\Migrations\\Migrator.php(210): Illuminate\\Database\\Migrations\\Migrator->runUp()
#17 C:\\Users\\Admin\\Desktop\\Models_and_BladeEngine\\vendor\\laravel\\framework\\src\\Illuminate\\Database\\Migrations\\Migrator.php(137): Illuminate\\Database\\Migrations\\Migrator->runPending()
#18 C:\\Users\\Admin\\Desktop\\Models_and_BladeEngine\\vendor\\laravel\\framework\\src\\Illuminate\\Database\\Console\\Migrations\\MigrateCommand.php(116): Illuminate\\Database\\Migrations\\Migrator->run()
#19 C:\\Users\\Admin\\Desktop\\Models_and_BladeEngine\\vendor\\laravel\\framework\\src\\Illuminate\\Database\\Migrations\\Migrator.php(665): Illuminate\\Database\\Console\\Migrations\\MigrateCommand->Illuminate\\Database\\Console\\Migrations\\{closure}()
#20 C:\\Users\\Admin\\Desktop\\Models_and_BladeEngine\\vendor\\laravel\\framework\\src\\Illuminate\\Database\\Console\\Migrations\\MigrateCommand.php(109): Illuminate\\Database\\Migrations\\Migrator->usingConnection()
#21 C:\\Users\\Admin\\Desktop\\Models_and_BladeEngine\\vendor\\laravel\\framework\\src\\Illuminate\\Database\\Console\\Migrations\\MigrateCommand.php(88): Illuminate\\Database\\Console\\Migrations\\MigrateCommand->runMigrations()
#22 C:\\Users\\Admin\\Desktop\\Models_and_BladeEngine\\vendor\\laravel\\framework\\src\\Illuminate\\Container\\BoundMethod.php(36): Illuminate\\Database\\Console\\Migrations\\MigrateCommand->handle()
#23 C:\\Users\\Admin\\Desktop\\Models_and_BladeEngine\\vendor\\laravel\\framework\\src\\Illuminate\\Container\\Util.php(43): Illuminate\\Container\\BoundMethod::Illuminate\\Container\\{closure}()
#24 C:\\Users\\Admin\\Desktop\\Models_and_BladeEngine\\vendor\\laravel\\framework\\src\\Illuminate\\Container\\BoundMethod.php(96): Illuminate\\Container\\Util::unwrapIfClosure()
#25 C:\\Users\\Admin\\Desktop\\Models_and_BladeEngine\\vendor\\laravel\\framework\\src\\Illuminate\\Container\\BoundMethod.php(35): Illuminate\\Container\\BoundMethod::callBoundMethod()
#26 C:\\Users\\Admin\\Desktop\\Models_and_BladeEngine\\vendor\\laravel\\framework\\src\\Illuminate\\Container\\Container.php(754): Illuminate\\Container\\BoundMethod::call()
#27 C:\\Users\\Admin\\Desktop\\Models_and_BladeEngine\\vendor\\laravel\\framework\\src\\Illuminate\\Console\\Command.php(211): Illuminate\\Container\\Container->call()
#28 C:\\Users\\Admin\\Desktop\\Models_and_BladeEngine\\vendor\\symfony\\console\\Command\\Command.php(279): Illuminate\\Console\\Command->execute()
#29 C:\\Users\\Admin\\Desktop\\Models_and_BladeEngine\\vendor\\laravel\\framework\\src\\Illuminate\\Console\\Command.php(180): Symfony\\Component\\Console\\Command\\Command->run()
#30 C:\\Users\\Admin\\Desktop\\Models_and_BladeEngine\\vendor\\symfony\\console\\Application.php(1094): Illuminate\\Console\\Command->run()
#31 C:\\Users\\Admin\\Desktop\\Models_and_BladeEngine\\vendor\\symfony\\console\\Application.php(342): Symfony\\Component\\Console\\Application->doRunCommand()
#32 C:\\Users\\Admin\\Desktop\\Models_and_BladeEngine\\vendor\\symfony\\console\\Application.php(193): Symfony\\Component\\Console\\Application->doRun()
#33 C:\\Users\\Admin\\Desktop\\Models_and_BladeEngine\\vendor\\laravel\\framework\\src\\Illuminate\\Foundation\\Console\\Kernel.php(197): Symfony\\Component\\Console\\Application->run()
#34 C:\\Users\\Admin\\Desktop\\Models_and_BladeEngine\\vendor\\laravel\\framework\\src\\Illuminate\\Foundation\\Application.php(1234): Illuminate\\Foundation\\Console\\Kernel->handle()
#35 C:\\Users\\Admin\\Desktop\\Models_and_BladeEngine\\artisan(16): Illuminate\\Foundation\\Application->handleCommand()
#36 {main}
"} 
[2025-03-31 20:20:36] local.ERROR: SQLSTATE[42S01]: Base table or view already exists: 1050 Table 'books' already exists (Connection: mysql, SQL: create table `books` (`id` bigint unsigned not null auto_increment primary key, `isbn` varchar(255) not null, `title` varchar(255) not null, `author` varchar(255) not null, `description` text not null, `date_published` date not null, `created_at` timestamp null, `updated_at` timestamp null) default character set utf8mb4 collate 'utf8mb4_unicode_ci') {"exception":"[object] (Illuminate\\Database\\QueryException(code: 42S01): SQLSTATE[42S01]: Base table or view already exists: 1050 Table 'books' already exists (Connection: mysql, SQL: create table `books` (`id` bigint unsigned not null auto_increment primary key, `isbn` varchar(255) not null, `title` varchar(255) not null, `author` varchar(255) not null, `description` text not null, `date_published` date not null, `created_at` timestamp null, `updated_at` timestamp null) default character set utf8mb4 collate 'utf8mb4_unicode_ci') at C:\\Users\\Admin\\Desktop\\Models_and_BladeEngine\\vendor\\laravel\\framework\\src\\Illuminate\\Database\\Connection.php:822)
[stacktrace]
#0 C:\\Users\\Admin\\Desktop\\Models_and_BladeEngine\\vendor\\laravel\\framework\\src\\Illuminate\\Database\\Connection.php(776): Illuminate\\Database\\Connection->runQueryCallback()
#1 C:\\Users\\Admin\\Desktop\\Models_and_BladeEngine\\vendor\\laravel\\framework\\src\\Illuminate\\Database\\Connection.php(557): Illuminate\\Database\\Connection->run()
#2 C:\\Users\\Admin\\Desktop\\Models_and_BladeEngine\\vendor\\laravel\\framework\\src\\Illuminate\\Database\\Schema\\Blueprint.php(119): Illuminate\\Database\\Connection->statement()
#3 C:\\Users\\Admin\\Desktop\\Models_and_BladeEngine\\vendor\\laravel\\framework\\src\\Illuminate\\Database\\Schema\\Builder.php(618): Illuminate\\Database\\Schema\\Blueprint->build()
#4 C:\\Users\\Admin\\Desktop\\Models_and_BladeEngine\\vendor\\laravel\\framework\\src\\Illuminate\\Database\\Schema\\Builder.php(472): Illuminate\\Database\\Schema\\Builder->build()
#5 C:\\Users\\Admin\\Desktop\\Models_and_BladeEngine\\vendor\\laravel\\framework\\src\\Illuminate\\Support\\Facades\\Facade.php(361): Illuminate\\Database\\Schema\\Builder->create()
#6 C:\\Users\\Admin\\Desktop\\Models_and_BladeEngine\\database\\migrations\\2025_03_31_195853_create_books_table.php(14): Illuminate\\Support\\Facades\\Facade::__callStatic()
#7 C:\\Users\\Admin\\Desktop\\Models_and_BladeEngine\\vendor\\laravel\\framework\\src\\Illuminate\\Database\\Migrations\\Migrator.php(514): Illuminate\\Database\\Migrations\\Migration@anonymous->up()
#8 C:\\Users\\Admin\\Desktop\\Models_and_BladeEngine\\vendor\\laravel\\framework\\src\\Illuminate\\Database\\Migrations\\Migrator.php(439): Illuminate\\Database\\Migrations\\Migrator->runMethod()
#9 C:\\Users\\Admin\\Desktop\\Models_and_BladeEngine\\vendor\\laravel\\framework\\src\\Illuminate\\Database\\Migrations\\Migrator.php(448): Illuminate\\Database\\Migrations\\Migrator->Illuminate\\Database\\Migrations\\{closure}()
#10 C:\\Users\\Admin\\Desktop\\Models_and_BladeEngine\\vendor\\laravel\\framework\\src\\Illuminate\\Database\\Migrations\\Migrator.php(250): Illuminate\\Database\\Migrations\\Migrator->runMigration()
#11 C:\\Users\\Admin\\Desktop\\Models_and_BladeEngine\\vendor\\laravel\\framework\\src\\Illuminate\\Console\\View\\Components\\Task.php(41): Illuminate\\Database\\Migrations\\Migrator->Illuminate\\Database\\Migrations\\{closure}()
#12 C:\\Users\\Admin\\Desktop\\Models_and_BladeEngine\\vendor\\laravel\\framework\\src\\Illuminate\\Database\\Migrations\\Migrator.php(805): Illuminate\\Console\\View\\Components\\Task->render()
#13 C:\\Users\\Admin\\Desktop\\Models_and_BladeEngine\\vendor\\laravel\\framework\\src\\Illuminate\\Database\\Migrations\\Migrator.php(250): Illuminate\\Database\\Migrations\\Migrator->write()
#14 C:\\Users\\Admin\\Desktop\\Models_and_BladeEngine\\vendor\\laravel\\framework\\src\\Illuminate\\Database\\Migrations\\Migrator.php(210): Illuminate\\Database\\Migrations\\Migrator->runUp()
#15 C:\\Users\\Admin\\Desktop\\Models_and_BladeEngine\\vendor\\laravel\\framework\\src\\Illuminate\\Database\\Migrations\\Migrator.php(137): Illuminate\\Database\\Migrations\\Migrator->runPending()
#16 C:\\Users\\Admin\\Desktop\\Models_and_BladeEngine\\vendor\\laravel\\framework\\src\\Illuminate\\Database\\Console\\Migrations\\MigrateCommand.php(116): Illuminate\\Database\\Migrations\\Migrator->run()
#17 C:\\Users\\Admin\\Desktop\\Models_and_BladeEngine\\vendor\\laravel\\framework\\src\\Illuminate\\Database\\Migrations\\Migrator.php(665): Illuminate\\Database\\Console\\Migrations\\MigrateCommand->Illuminate\\Database\\Console\\Migrations\\{closure}()
#18 C:\\Users\\Admin\\Desktop\\Models_and_BladeEngine\\vendor\\laravel\\framework\\src\\Illuminate\\Database\\Console\\Migrations\\MigrateCommand.php(109): Illuminate\\Database\\Migrations\\Migrator->usingConnection()
#19 C:\\Users\\Admin\\Desktop\\Models_and_BladeEngine\\vendor\\laravel\\framework\\src\\Illuminate\\Database\\Console\\Migrations\\MigrateCommand.php(88): Illuminate\\Database\\Console\\Migrations\\MigrateCommand->runMigrations()
#20 C:\\Users\\Admin\\Desktop\\Models_and_BladeEngine\\vendor\\laravel\\framework\\src\\Illuminate\\Container\\BoundMethod.php(36): Illuminate\\Database\\Console\\Migrations\\MigrateCommand->handle()
#21 C:\\Users\\Admin\\Desktop\\Models_and_BladeEngine\\vendor\\laravel\\framework\\src\\Illuminate\\Container\\Util.php(43): Illuminate\\Container\\BoundMethod::Illuminate\\Container\\{closure}()
#22 C:\\Users\\Admin\\Desktop\\Models_and_BladeEngine\\vendor\\laravel\\framework\\src\\Illuminate\\Container\\BoundMethod.php(96): Illuminate\\Container\\Util::unwrapIfClosure()
#23 C:\\Users\\Admin\\Desktop\\Models_and_BladeEngine\\vendor\\laravel\\framework\\src\\Illuminate\\Container\\BoundMethod.php(35): Illuminate\\Container\\BoundMethod::callBoundMethod()
#24 C:\\Users\\Admin\\Desktop\\Models_and_BladeEngine\\vendor\\laravel\\framework\\src\\Illuminate\\Container\\Container.php(754): Illuminate\\Container\\BoundMethod::call()
#25 C:\\Users\\Admin\\Desktop\\Models_and_BladeEngine\\vendor\\laravel\\framework\\src\\Illuminate\\Console\\Command.php(211): Illuminate\\Container\\Container->call()
#26 C:\\Users\\Admin\\Desktop\\Models_and_BladeEngine\\vendor\\symfony\\console\\Command\\Command.php(279): Illuminate\\Console\\Command->execute()
#27 C:\\Users\\Admin\\Desktop\\Models_and_BladeEngine\\vendor\\laravel\\framework\\src\\Illuminate\\Console\\Command.php(180): Symfony\\Component\\Console\\Command\\Command->run()
#28 C:\\Users\\Admin\\Desktop\\Models_and_BladeEngine\\vendor\\symfony\\console\\Application.php(1094): Illuminate\\Console\\Command->run()
#29 C:\\Users\\Admin\\Desktop\\Models_and_BladeEngine\\vendor\\symfony\\console\\Application.php(342): Symfony\\Component\\Console\\Application->doRunCommand()
#30 C:\\Users\\Admin\\Desktop\\Models_and_BladeEngine\\vendor\\symfony\\console\\Application.php(193): Symfony\\Component\\Console\\Application->doRun()
#31 C:\\Users\\Admin\\Desktop\\Models_and_BladeEngine\\vendor\\laravel\\framework\\src\\Illuminate\\Foundation\\Console\\Kernel.php(197): Symfony\\Component\\Console\\Application->run()
#32 C:\\Users\\Admin\\Desktop\\Models_and_BladeEngine\\vendor\\laravel\\framework\\src\\Illuminate\\Foundation\\Application.php(1234): Illuminate\\Foundation\\Console\\Kernel->handle()
#33 C:\\Users\\Admin\\Desktop\\Models_and_BladeEngine\\artisan(16): Illuminate\\Foundation\\Application->handleCommand()
#34 {main}

[previous exception] [object] (PDOException(code: 42S01): SQLSTATE[42S01]: Base table or view already exists: 1050 Table 'books' already exists at C:\\Users\\Admin\\Desktop\\Models_and_BladeEngine\\vendor\\laravel\\framework\\src\\Illuminate\\Database\\Connection.php:568)
[stacktrace]
#0 C:\\Users\\Admin\\Desktop\\Models_and_BladeEngine\\vendor\\laravel\\framework\\src\\Illuminate\\Database\\Connection.php(568): PDOStatement->execute()
#1 C:\\Users\\Admin\\Desktop\\Models_and_BladeEngine\\vendor\\laravel\\framework\\src\\Illuminate\\Database\\Connection.php(809): Illuminate\\Database\\Connection->Illuminate\\Database\\{closure}()
#2 C:\\Users\\Admin\\Desktop\\Models_and_BladeEngine\\vendor\\laravel\\framework\\src\\Illuminate\\Database\\Connection.php(776): Illuminate\\Database\\Connection->runQueryCallback()
#3 C:\\Users\\Admin\\Desktop\\Models_and_BladeEngine\\vendor\\laravel\\framework\\src\\Illuminate\\Database\\Connection.php(557): Illuminate\\Database\\Connection->run()
#4 C:\\Users\\Admin\\Desktop\\Models_and_BladeEngine\\vendor\\laravel\\framework\\src\\Illuminate\\Database\\Schema\\Blueprint.php(119): Illuminate\\Database\\Connection->statement()
#5 C:\\Users\\Admin\\Desktop\\Models_and_BladeEngine\\vendor\\laravel\\framework\\src\\Illuminate\\Database\\Schema\\Builder.php(618): Illuminate\\Database\\Schema\\Blueprint->build()
#6 C:\\Users\\Admin\\Desktop\\Models_and_BladeEngine\\vendor\\laravel\\framework\\src\\Illuminate\\Database\\Schema\\Builder.php(472): Illuminate\\Database\\Schema\\Builder->build()
#7 C:\\Users\\Admin\\Desktop\\Models_and_BladeEngine\\vendor\\laravel\\framework\\src\\Illuminate\\Support\\Facades\\Facade.php(361): Illuminate\\Database\\Schema\\Builder->create()
#8 C:\\Users\\Admin\\Desktop\\Models_and_BladeEngine\\database\\migrations\\2025_03_31_195853_create_books_table.php(14): Illuminate\\Support\\Facades\\Facade::__callStatic()
#9 C:\\Users\\Admin\\Desktop\\Models_and_BladeEngine\\vendor\\laravel\\framework\\src\\Illuminate\\Database\\Migrations\\Migrator.php(514): Illuminate\\Database\\Migrations\\Migration@anonymous->up()
#10 C:\\Users\\Admin\\Desktop\\Models_and_BladeEngine\\vendor\\laravel\\framework\\src\\Illuminate\\Database\\Migrations\\Migrator.php(439): Illuminate\\Database\\Migrations\\Migrator->runMethod()
#11 C:\\Users\\Admin\\Desktop\\Models_and_BladeEngine\\vendor\\laravel\\framework\\src\\Illuminate\\Database\\Migrations\\Migrator.php(448): Illuminate\\Database\\Migrations\\Migrator->Illuminate\\Database\\Migrations\\{closure}()
#12 C:\\Users\\Admin\\Desktop\\Models_and_BladeEngine\\vendor\\laravel\\framework\\src\\Illuminate\\Database\\Migrations\\Migrator.php(250): Illuminate\\Database\\Migrations\\Migrator->runMigration()
#13 C:\\Users\\Admin\\Desktop\\Models_and_BladeEngine\\vendor\\laravel\\framework\\src\\Illuminate\\Console\\View\\Components\\Task.php(41): Illuminate\\Database\\Migrations\\Migrator->Illuminate\\Database\\Migrations\\{closure}()
#14 C:\\Users\\Admin\\Desktop\\Models_and_BladeEngine\\vendor\\laravel\\framework\\src\\Illuminate\\Database\\Migrations\\Migrator.php(805): Illuminate\\Console\\View\\Components\\Task->render()
#15 C:\\Users\\Admin\\Desktop\\Models_and_BladeEngine\\vendor\\laravel\\framework\\src\\Illuminate\\Database\\Migrations\\Migrator.php(250): Illuminate\\Database\\Migrations\\Migrator->write()
#16 C:\\Users\\Admin\\Desktop\\Models_and_BladeEngine\\vendor\\laravel\\framework\\src\\Illuminate\\Database\\Migrations\\Migrator.php(210): Illuminate\\Database\\Migrations\\Migrator->runUp()
#17 C:\\Users\\Admin\\Desktop\\Models_and_BladeEngine\\vendor\\laravel\\framework\\src\\Illuminate\\Database\\Migrations\\Migrator.php(137): Illuminate\\Database\\Migrations\\Migrator->runPending()
#18 C:\\Users\\Admin\\Desktop\\Models_and_BladeEngine\\vendor\\laravel\\framework\\src\\Illuminate\\Database\\Console\\Migrations\\MigrateCommand.php(116): Illuminate\\Database\\Migrations\\Migrator->run()
#19 C:\\Users\\Admin\\Desktop\\Models_and_BladeEngine\\vendor\\laravel\\framework\\src\\Illuminate\\Database\\Migrations\\Migrator.php(665): Illuminate\\Database\\Console\\Migrations\\MigrateCommand->Illuminate\\Database\\Console\\Migrations\\{closure}()
#20 C:\\Users\\Admin\\Desktop\\Models_and_BladeEngine\\vendor\\laravel\\framework\\src\\Illuminate\\Database\\Console\\Migrations\\MigrateCommand.php(109): Illuminate\\Database\\Migrations\\Migrator->usingConnection()
#21 C:\\Users\\Admin\\Desktop\\Models_and_BladeEngine\\vendor\\laravel\\framework\\src\\Illuminate\\Database\\Console\\Migrations\\MigrateCommand.php(88): Illuminate\\Database\\Console\\Migrations\\MigrateCommand->runMigrations()
#22 C:\\Users\\Admin\\Desktop\\Models_and_BladeEngine\\vendor\\laravel\\framework\\src\\Illuminate\\Container\\BoundMethod.php(36): Illuminate\\Database\\Console\\Migrations\\MigrateCommand->handle()
#23 C:\\Users\\Admin\\Desktop\\Models_and_BladeEngine\\vendor\\laravel\\framework\\src\\Illuminate\\Container\\Util.php(43): Illuminate\\Container\\BoundMethod::Illuminate\\Container\\{closure}()
#24 C:\\Users\\Admin\\Desktop\\Models_and_BladeEngine\\vendor\\laravel\\framework\\src\\Illuminate\\Container\\BoundMethod.php(96): Illuminate\\Container\\Util::unwrapIfClosure()
#25 C:\\Users\\Admin\\Desktop\\Models_and_BladeEngine\\vendor\\laravel\\framework\\src\\Illuminate\\Container\\BoundMethod.php(35): Illuminate\\Container\\BoundMethod::callBoundMethod()
#26 C:\\Users\\Admin\\Desktop\\Models_and_BladeEngine\\vendor\\laravel\\framework\\src\\Illuminate\\Container\\Container.php(754): Illuminate\\Container\\BoundMethod::call()
#27 C:\\Users\\Admin\\Desktop\\Models_and_BladeEngine\\vendor\\laravel\\framework\\src\\Illuminate\\Console\\Command.php(211): Illuminate\\Container\\Container->call()
#28 C:\\Users\\Admin\\Desktop\\Models_and_BladeEngine\\vendor\\symfony\\console\\Command\\Command.php(279): Illuminate\\Console\\Command->execute()
#29 C:\\Users\\Admin\\Desktop\\Models_and_BladeEngine\\vendor\\laravel\\framework\\src\\Illuminate\\Console\\Command.php(180): Symfony\\Component\\Console\\Command\\Command->run()
#30 C:\\Users\\Admin\\Desktop\\Models_and_BladeEngine\\vendor\\symfony\\console\\Application.php(1094): Illuminate\\Console\\Command->run()
#31 C:\\Users\\Admin\\Desktop\\Models_and_BladeEngine\\vendor\\symfony\\console\\Application.php(342): Symfony\\Component\\Console\\Application->doRunCommand()
#32 C:\\Users\\Admin\\Desktop\\Models_and_BladeEngine\\vendor\\symfony\\console\\Application.php(193): Symfony\\Component\\Console\\Application->doRun()
#33 C:\\Users\\Admin\\Desktop\\Models_and_BladeEngine\\vendor\\laravel\\framework\\src\\Illuminate\\Foundation\\Console\\Kernel.php(197): Symfony\\Component\\Console\\Application->run()
#34 C:\\Users\\Admin\\Desktop\\Models_and_BladeEngine\\vendor\\laravel\\framework\\src\\Illuminate\\Foundation\\Application.php(1234): Illuminate\\Foundation\\Console\\Kernel->handle()
#35 C:\\Users\\Admin\\Desktop\\Models_and_BladeEngine\\artisan(16): Illuminate\\Foundation\\Application->handleCommand()
#36 {main}
"} 
[2025-03-31 20:25:47] local.ERROR: SQLSTATE[42S01]: Base table or view already exists: 1050 Table 'books' already exists (Connection: mysql, SQL: create table `books` (`id` bigint unsigned not null auto_increment primary key, `isbn` varchar(255) not null, `title` varchar(255) not null, `author` varchar(255) not null, `description` text not null, `date_published` date not null, `created_at` timestamp null, `updated_at` timestamp null) default character set utf8mb4 collate 'utf8mb4_unicode_ci') {"exception":"[object] (Illuminate\\Database\\QueryException(code: 42S01): SQLSTATE[42S01]: Base table or view already exists: 1050 Table 'books' already exists (Connection: mysql, SQL: create table `books` (`id` bigint unsigned not null auto_increment primary key, `isbn` varchar(255) not null, `title` varchar(255) not null, `author` varchar(255) not null, `description` text not null, `date_published` date not null, `created_at` timestamp null, `updated_at` timestamp null) default character set utf8mb4 collate 'utf8mb4_unicode_ci') at C:\\Users\\Admin\\Desktop\\Models_and_BladeEngine\\vendor\\laravel\\framework\\src\\Illuminate\\Database\\Connection.php:822)
[stacktrace]
#0 C:\\Users\\Admin\\Desktop\\Models_and_BladeEngine\\vendor\\laravel\\framework\\src\\Illuminate\\Database\\Connection.php(776): Illuminate\\Database\\Connection->runQueryCallback()
#1 C:\\Users\\Admin\\Desktop\\Models_and_BladeEngine\\vendor\\laravel\\framework\\src\\Illuminate\\Database\\Connection.php(557): Illuminate\\Database\\Connection->run()
#2 C:\\Users\\Admin\\Desktop\\Models_and_BladeEngine\\vendor\\laravel\\framework\\src\\Illuminate\\Database\\Schema\\Blueprint.php(119): Illuminate\\Database\\Connection->statement()
#3 C:\\Users\\Admin\\Desktop\\Models_and_BladeEngine\\vendor\\laravel\\framework\\src\\Illuminate\\Database\\Schema\\Builder.php(618): Illuminate\\Database\\Schema\\Blueprint->build()
#4 C:\\Users\\Admin\\Desktop\\Models_and_BladeEngine\\vendor\\laravel\\framework\\src\\Illuminate\\Database\\Schema\\Builder.php(472): Illuminate\\Database\\Schema\\Builder->build()
#5 C:\\Users\\Admin\\Desktop\\Models_and_BladeEngine\\vendor\\laravel\\framework\\src\\Illuminate\\Support\\Facades\\Facade.php(361): Illuminate\\Database\\Schema\\Builder->create()
#6 C:\\Users\\Admin\\Desktop\\Models_and_BladeEngine\\database\\migrations\\2025_03_31_195853_create_books_table.php(14): Illuminate\\Support\\Facades\\Facade::__callStatic()
#7 C:\\Users\\Admin\\Desktop\\Models_and_BladeEngine\\vendor\\laravel\\framework\\src\\Illuminate\\Database\\Migrations\\Migrator.php(514): Illuminate\\Database\\Migrations\\Migration@anonymous->up()
#8 C:\\Users\\Admin\\Desktop\\Models_and_BladeEngine\\vendor\\laravel\\framework\\src\\Illuminate\\Database\\Migrations\\Migrator.php(439): Illuminate\\Database\\Migrations\\Migrator->runMethod()
#9 C:\\Users\\Admin\\Desktop\\Models_and_BladeEngine\\vendor\\laravel\\framework\\src\\Illuminate\\Database\\Migrations\\Migrator.php(448): Illuminate\\Database\\Migrations\\Migrator->Illuminate\\Database\\Migrations\\{closure}()
#10 C:\\Users\\Admin\\Desktop\\Models_and_BladeEngine\\vendor\\laravel\\framework\\src\\Illuminate\\Database\\Migrations\\Migrator.php(250): Illuminate\\Database\\Migrations\\Migrator->runMigration()
#11 C:\\Users\\Admin\\Desktop\\Models_and_BladeEngine\\vendor\\laravel\\framework\\src\\Illuminate\\Console\\View\\Components\\Task.php(41): Illuminate\\Database\\Migrations\\Migrator->Illuminate\\Database\\Migrations\\{closure}()
#12 C:\\Users\\Admin\\Desktop\\Models_and_BladeEngine\\vendor\\laravel\\framework\\src\\Illuminate\\Database\\Migrations\\Migrator.php(805): Illuminate\\Console\\View\\Components\\Task->render()
#13 C:\\Users\\Admin\\Desktop\\Models_and_BladeEngine\\vendor\\laravel\\framework\\src\\Illuminate\\Database\\Migrations\\Migrator.php(250): Illuminate\\Database\\Migrations\\Migrator->write()
#14 C:\\Users\\Admin\\Desktop\\Models_and_BladeEngine\\vendor\\laravel\\framework\\src\\Illuminate\\Database\\Migrations\\Migrator.php(210): Illuminate\\Database\\Migrations\\Migrator->runUp()
#15 C:\\Users\\Admin\\Desktop\\Models_and_BladeEngine\\vendor\\laravel\\framework\\src\\Illuminate\\Database\\Migrations\\Migrator.php(137): Illuminate\\Database\\Migrations\\Migrator->runPending()
#16 C:\\Users\\Admin\\Desktop\\Models_and_BladeEngine\\vendor\\laravel\\framework\\src\\Illuminate\\Database\\Console\\Migrations\\MigrateCommand.php(116): Illuminate\\Database\\Migrations\\Migrator->run()
#17 C:\\Users\\Admin\\Desktop\\Models_and_BladeEngine\\vendor\\laravel\\framework\\src\\Illuminate\\Database\\Migrations\\Migrator.php(665): Illuminate\\Database\\Console\\Migrations\\MigrateCommand->Illuminate\\Database\\Console\\Migrations\\{closure}()
#18 C:\\Users\\Admin\\Desktop\\Models_and_BladeEngine\\vendor\\laravel\\framework\\src\\Illuminate\\Database\\Console\\Migrations\\MigrateCommand.php(109): Illuminate\\Database\\Migrations\\Migrator->usingConnection()
#19 C:\\Users\\Admin\\Desktop\\Models_and_BladeEngine\\vendor\\laravel\\framework\\src\\Illuminate\\Database\\Console\\Migrations\\MigrateCommand.php(88): Illuminate\\Database\\Console\\Migrations\\MigrateCommand->runMigrations()
#20 C:\\Users\\Admin\\Desktop\\Models_and_BladeEngine\\vendor\\laravel\\framework\\src\\Illuminate\\Container\\BoundMethod.php(36): Illuminate\\Database\\Console\\Migrations\\MigrateCommand->handle()
#21 C:\\Users\\Admin\\Desktop\\Models_and_BladeEngine\\vendor\\laravel\\framework\\src\\Illuminate\\Container\\Util.php(43): Illuminate\\Container\\BoundMethod::Illuminate\\Container\\{closure}()
#22 C:\\Users\\Admin\\Desktop\\Models_and_BladeEngine\\vendor\\laravel\\framework\\src\\Illuminate\\Container\\BoundMethod.php(96): Illuminate\\Container\\Util::unwrapIfClosure()
#23 C:\\Users\\Admin\\Desktop\\Models_and_BladeEngine\\vendor\\laravel\\framework\\src\\Illuminate\\Container\\BoundMethod.php(35): Illuminate\\Container\\BoundMethod::callBoundMethod()
#24 C:\\Users\\Admin\\Desktop\\Models_and_BladeEngine\\vendor\\laravel\\framework\\src\\Illuminate\\Container\\Container.php(754): Illuminate\\Container\\BoundMethod::call()
#25 C:\\Users\\Admin\\Desktop\\Models_and_BladeEngine\\vendor\\laravel\\framework\\src\\Illuminate\\Console\\Command.php(211): Illuminate\\Container\\Container->call()
#26 C:\\Users\\Admin\\Desktop\\Models_and_BladeEngine\\vendor\\symfony\\console\\Command\\Command.php(279): Illuminate\\Console\\Command->execute()
#27 C:\\Users\\Admin\\Desktop\\Models_and_BladeEngine\\vendor\\laravel\\framework\\src\\Illuminate\\Console\\Command.php(180): Symfony\\Component\\Console\\Command\\Command->run()
#28 C:\\Users\\Admin\\Desktop\\Models_and_BladeEngine\\vendor\\symfony\\console\\Application.php(1094): Illuminate\\Console\\Command->run()
#29 C:\\Users\\Admin\\Desktop\\Models_and_BladeEngine\\vendor\\symfony\\console\\Application.php(342): Symfony\\Component\\Console\\Application->doRunCommand()
#30 C:\\Users\\Admin\\Desktop\\Models_and_BladeEngine\\vendor\\symfony\\console\\Application.php(193): Symfony\\Component\\Console\\Application->doRun()
#31 C:\\Users\\Admin\\Desktop\\Models_and_BladeEngine\\vendor\\laravel\\framework\\src\\Illuminate\\Foundation\\Console\\Kernel.php(197): Symfony\\Component\\Console\\Application->run()
#32 C:\\Users\\Admin\\Desktop\\Models_and_BladeEngine\\vendor\\laravel\\framework\\src\\Illuminate\\Foundation\\Application.php(1234): Illuminate\\Foundation\\Console\\Kernel->handle()
#33 C:\\Users\\Admin\\Desktop\\Models_and_BladeEngine\\artisan(16): Illuminate\\Foundation\\Application->handleCommand()
#34 {main}

[previous exception] [object] (PDOException(code: 42S01): SQLSTATE[42S01]: Base table or view already exists: 1050 Table 'books' already exists at C:\\Users\\Admin\\Desktop\\Models_and_BladeEngine\\vendor\\laravel\\framework\\src\\Illuminate\\Database\\Connection.php:568)
[stacktrace]
#0 C:\\Users\\Admin\\Desktop\\Models_and_BladeEngine\\vendor\\laravel\\framework\\src\\Illuminate\\Database\\Connection.php(568): PDOStatement->execute()
#1 C:\\Users\\Admin\\Desktop\\Models_and_BladeEngine\\vendor\\laravel\\framework\\src\\Illuminate\\Database\\Connection.php(809): Illuminate\\Database\\Connection->Illuminate\\Database\\{closure}()
#2 C:\\Users\\Admin\\Desktop\\Models_and_BladeEngine\\vendor\\laravel\\framework\\src\\Illuminate\\Database\\Connection.php(776): Illuminate\\Database\\Connection->runQueryCallback()
#3 C:\\Users\\Admin\\Desktop\\Models_and_BladeEngine\\vendor\\laravel\\framework\\src\\Illuminate\\Database\\Connection.php(557): Illuminate\\Database\\Connection->run()
#4 C:\\Users\\Admin\\Desktop\\Models_and_BladeEngine\\vendor\\laravel\\framework\\src\\Illuminate\\Database\\Schema\\Blueprint.php(119): Illuminate\\Database\\Connection->statement()
#5 C:\\Users\\Admin\\Desktop\\Models_and_BladeEngine\\vendor\\laravel\\framework\\src\\Illuminate\\Database\\Schema\\Builder.php(618): Illuminate\\Database\\Schema\\Blueprint->build()
#6 C:\\Users\\Admin\\Desktop\\Models_and_BladeEngine\\vendor\\laravel\\framework\\src\\Illuminate\\Database\\Schema\\Builder.php(472): Illuminate\\Database\\Schema\\Builder->build()
#7 C:\\Users\\Admin\\Desktop\\Models_and_BladeEngine\\vendor\\laravel\\framework\\src\\Illuminate\\Support\\Facades\\Facade.php(361): Illuminate\\Database\\Schema\\Builder->create()
#8 C:\\Users\\Admin\\Desktop\\Models_and_BladeEngine\\database\\migrations\\2025_03_31_195853_create_books_table.php(14): Illuminate\\Support\\Facades\\Facade::__callStatic()
#9 C:\\Users\\Admin\\Desktop\\Models_and_BladeEngine\\vendor\\laravel\\framework\\src\\Illuminate\\Database\\Migrations\\Migrator.php(514): Illuminate\\Database\\Migrations\\Migration@anonymous->up()
#10 C:\\Users\\Admin\\Desktop\\Models_and_BladeEngine\\vendor\\laravel\\framework\\src\\Illuminate\\Database\\Migrations\\Migrator.php(439): Illuminate\\Database\\Migrations\\Migrator->runMethod()
#11 C:\\Users\\Admin\\Desktop\\Models_and_BladeEngine\\vendor\\laravel\\framework\\src\\Illuminate\\Database\\Migrations\\Migrator.php(448): Illuminate\\Database\\Migrations\\Migrator->Illuminate\\Database\\Migrations\\{closure}()
#12 C:\\Users\\Admin\\Desktop\\Models_and_BladeEngine\\vendor\\laravel\\framework\\src\\Illuminate\\Database\\Migrations\\Migrator.php(250): Illuminate\\Database\\Migrations\\Migrator->runMigration()
#13 C:\\Users\\Admin\\Desktop\\Models_and_BladeEngine\\vendor\\laravel\\framework\\src\\Illuminate\\Console\\View\\Components\\Task.php(41): Illuminate\\Database\\Migrations\\Migrator->Illuminate\\Database\\Migrations\\{closure}()
#14 C:\\Users\\Admin\\Desktop\\Models_and_BladeEngine\\vendor\\laravel\\framework\\src\\Illuminate\\Database\\Migrations\\Migrator.php(805): Illuminate\\Console\\View\\Components\\Task->render()
#15 C:\\Users\\Admin\\Desktop\\Models_and_BladeEngine\\vendor\\laravel\\framework\\src\\Illuminate\\Database\\Migrations\\Migrator.php(250): Illuminate\\Database\\Migrations\\Migrator->write()
#16 C:\\Users\\Admin\\Desktop\\Models_and_BladeEngine\\vendor\\laravel\\framework\\src\\Illuminate\\Database\\Migrations\\Migrator.php(210): Illuminate\\Database\\Migrations\\Migrator->runUp()
#17 C:\\Users\\Admin\\Desktop\\Models_and_BladeEngine\\vendor\\laravel\\framework\\src\\Illuminate\\Database\\Migrations\\Migrator.php(137): Illuminate\\Database\\Migrations\\Migrator->runPending()
#18 C:\\Users\\Admin\\Desktop\\Models_and_BladeEngine\\vendor\\laravel\\framework\\src\\Illuminate\\Database\\Console\\Migrations\\MigrateCommand.php(116): Illuminate\\Database\\Migrations\\Migrator->run()
#19 C:\\Users\\Admin\\Desktop\\Models_and_BladeEngine\\vendor\\laravel\\framework\\src\\Illuminate\\Database\\Migrations\\Migrator.php(665): Illuminate\\Database\\Console\\Migrations\\MigrateCommand->Illuminate\\Database\\Console\\Migrations\\{closure}()
#20 C:\\Users\\Admin\\Desktop\\Models_and_BladeEngine\\vendor\\laravel\\framework\\src\\Illuminate\\Database\\Console\\Migrations\\MigrateCommand.php(109): Illuminate\\Database\\Migrations\\Migrator->usingConnection()
#21 C:\\Users\\Admin\\Desktop\\Models_and_BladeEngine\\vendor\\laravel\\framework\\src\\Illuminate\\Database\\Console\\Migrations\\MigrateCommand.php(88): Illuminate\\Database\\Console\\Migrations\\MigrateCommand->runMigrations()
#22 C:\\Users\\Admin\\Desktop\\Models_and_BladeEngine\\vendor\\laravel\\framework\\src\\Illuminate\\Container\\BoundMethod.php(36): Illuminate\\Database\\Console\\Migrations\\MigrateCommand->handle()
#23 C:\\Users\\Admin\\Desktop\\Models_and_BladeEngine\\vendor\\laravel\\framework\\src\\Illuminate\\Container\\Util.php(43): Illuminate\\Container\\BoundMethod::Illuminate\\Container\\{closure}()
#24 C:\\Users\\Admin\\Desktop\\Models_and_BladeEngine\\vendor\\laravel\\framework\\src\\Illuminate\\Container\\BoundMethod.php(96): Illuminate\\Container\\Util::unwrapIfClosure()
#25 C:\\Users\\Admin\\Desktop\\Models_and_BladeEngine\\vendor\\laravel\\framework\\src\\Illuminate\\Container\\BoundMethod.php(35): Illuminate\\Container\\BoundMethod::callBoundMethod()
#26 C:\\Users\\Admin\\Desktop\\Models_and_BladeEngine\\vendor\\laravel\\framework\\src\\Illuminate\\Container\\Container.php(754): Illuminate\\Container\\BoundMethod::call()
#27 C:\\Users\\Admin\\Desktop\\Models_and_BladeEngine\\vendor\\laravel\\framework\\src\\Illuminate\\Console\\Command.php(211): Illuminate\\Container\\Container->call()
#28 C:\\Users\\Admin\\Desktop\\Models_and_BladeEngine\\vendor\\symfony\\console\\Command\\Command.php(279): Illuminate\\Console\\Command->execute()
#29 C:\\Users\\Admin\\Desktop\\Models_and_BladeEngine\\vendor\\laravel\\framework\\src\\Illuminate\\Console\\Command.php(180): Symfony\\Component\\Console\\Command\\Command->run()
#30 C:\\Users\\Admin\\Desktop\\Models_and_BladeEngine\\vendor\\symfony\\console\\Application.php(1094): Illuminate\\Console\\Command->run()
#31 C:\\Users\\Admin\\Desktop\\Models_and_BladeEngine\\vendor\\symfony\\console\\Application.php(342): Symfony\\Component\\Console\\Application->doRunCommand()
#32 C:\\Users\\Admin\\Desktop\\Models_and_BladeEngine\\vendor\\symfony\\console\\Application.php(193): Symfony\\Component\\Console\\Application->doRun()
#33 C:\\Users\\Admin\\Desktop\\Models_and_BladeEngine\\vendor\\laravel\\framework\\src\\Illuminate\\Foundation\\Console\\Kernel.php(197): Symfony\\Component\\Console\\Application->run()
#34 C:\\Users\\Admin\\Desktop\\Models_and_BladeEngine\\vendor\\laravel\\framework\\src\\Illuminate\\Foundation\\Application.php(1234): Illuminate\\Foundation\\Console\\Kernel->handle()
#35 C:\\Users\\Admin\\Desktop\\Models_and_BladeEngine\\artisan(16): Illuminate\\Foundation\\Application->handleCommand()
#36 {main}
"} 
[2025-03-31 20:26:37] local.ERROR: SQLSTATE[42S01]: Base table or view already exists: 1050 Table 'books' already exists (Connection: mysql, SQL: create table `books` (`id` bigint unsigned not null auto_increment primary key, `isbn` varchar(255) not null, `title` varchar(255) not null, `author` varchar(255) not null, `description` text not null, `date_published` date not null, `created_at` timestamp null, `updated_at` timestamp null) default character set utf8mb4 collate 'utf8mb4_unicode_ci') {"exception":"[object] (Illuminate\\Database\\QueryException(code: 42S01): SQLSTATE[42S01]: Base table or view already exists: 1050 Table 'books' already exists (Connection: mysql, SQL: create table `books` (`id` bigint unsigned not null auto_increment primary key, `isbn` varchar(255) not null, `title` varchar(255) not null, `author` varchar(255) not null, `description` text not null, `date_published` date not null, `created_at` timestamp null, `updated_at` timestamp null) default character set utf8mb4 collate 'utf8mb4_unicode_ci') at C:\\Users\\Admin\\Desktop\\Models_and_BladeEngine\\vendor\\laravel\\framework\\src\\Illuminate\\Database\\Connection.php:822)
[stacktrace]
#0 C:\\Users\\Admin\\Desktop\\Models_and_BladeEngine\\vendor\\laravel\\framework\\src\\Illuminate\\Database\\Connection.php(776): Illuminate\\Database\\Connection->runQueryCallback()
#1 C:\\Users\\Admin\\Desktop\\Models_and_BladeEngine\\vendor\\laravel\\framework\\src\\Illuminate\\Database\\Connection.php(557): Illuminate\\Database\\Connection->run()
#2 C:\\Users\\Admin\\Desktop\\Models_and_BladeEngine\\vendor\\laravel\\framework\\src\\Illuminate\\Database\\Schema\\Blueprint.php(119): Illuminate\\Database\\Connection->statement()
#3 C:\\Users\\Admin\\Desktop\\Models_and_BladeEngine\\vendor\\laravel\\framework\\src\\Illuminate\\Database\\Schema\\Builder.php(618): Illuminate\\Database\\Schema\\Blueprint->build()
#4 C:\\Users\\Admin\\Desktop\\Models_and_BladeEngine\\vendor\\laravel\\framework\\src\\Illuminate\\Database\\Schema\\Builder.php(472): Illuminate\\Database\\Schema\\Builder->build()
#5 C:\\Users\\Admin\\Desktop\\Models_and_BladeEngine\\vendor\\laravel\\framework\\src\\Illuminate\\Support\\Facades\\Facade.php(361): Illuminate\\Database\\Schema\\Builder->create()
#6 C:\\Users\\Admin\\Desktop\\Models_and_BladeEngine\\database\\migrations\\2025_03_31_195853_create_books_table.php(14): Illuminate\\Support\\Facades\\Facade::__callStatic()
#7 C:\\Users\\Admin\\Desktop\\Models_and_BladeEngine\\vendor\\laravel\\framework\\src\\Illuminate\\Database\\Migrations\\Migrator.php(514): Illuminate\\Database\\Migrations\\Migration@anonymous->up()
#8 C:\\Users\\Admin\\Desktop\\Models_and_BladeEngine\\vendor\\laravel\\framework\\src\\Illuminate\\Database\\Migrations\\Migrator.php(439): Illuminate\\Database\\Migrations\\Migrator->runMethod()
#9 C:\\Users\\Admin\\Desktop\\Models_and_BladeEngine\\vendor\\laravel\\framework\\src\\Illuminate\\Database\\Migrations\\Migrator.php(448): Illuminate\\Database\\Migrations\\Migrator->Illuminate\\Database\\Migrations\\{closure}()
#10 C:\\Users\\Admin\\Desktop\\Models_and_BladeEngine\\vendor\\laravel\\framework\\src\\Illuminate\\Database\\Migrations\\Migrator.php(250): Illuminate\\Database\\Migrations\\Migrator->runMigration()
#11 C:\\Users\\Admin\\Desktop\\Models_and_BladeEngine\\vendor\\laravel\\framework\\src\\Illuminate\\Console\\View\\Components\\Task.php(41): Illuminate\\Database\\Migrations\\Migrator->Illuminate\\Database\\Migrations\\{closure}()
#12 C:\\Users\\Admin\\Desktop\\Models_and_BladeEngine\\vendor\\laravel\\framework\\src\\Illuminate\\Database\\Migrations\\Migrator.php(805): Illuminate\\Console\\View\\Components\\Task->render()
#13 C:\\Users\\Admin\\Desktop\\Models_and_BladeEngine\\vendor\\laravel\\framework\\src\\Illuminate\\Database\\Migrations\\Migrator.php(250): Illuminate\\Database\\Migrations\\Migrator->write()
#14 C:\\Users\\Admin\\Desktop\\Models_and_BladeEngine\\vendor\\laravel\\framework\\src\\Illuminate\\Database\\Migrations\\Migrator.php(210): Illuminate\\Database\\Migrations\\Migrator->runUp()
#15 C:\\Users\\Admin\\Desktop\\Models_and_BladeEngine\\vendor\\laravel\\framework\\src\\Illuminate\\Database\\Migrations\\Migrator.php(137): Illuminate\\Database\\Migrations\\Migrator->runPending()
#16 C:\\Users\\Admin\\Desktop\\Models_and_BladeEngine\\vendor\\laravel\\framework\\src\\Illuminate\\Database\\Console\\Migrations\\MigrateCommand.php(116): Illuminate\\Database\\Migrations\\Migrator->run()
#17 C:\\Users\\Admin\\Desktop\\Models_and_BladeEngine\\vendor\\laravel\\framework\\src\\Illuminate\\Database\\Migrations\\Migrator.php(665): Illuminate\\Database\\Console\\Migrations\\MigrateCommand->Illuminate\\Database\\Console\\Migrations\\{closure}()
#18 C:\\Users\\Admin\\Desktop\\Models_and_BladeEngine\\vendor\\laravel\\framework\\src\\Illuminate\\Database\\Console\\Migrations\\MigrateCommand.php(109): Illuminate\\Database\\Migrations\\Migrator->usingConnection()
#19 C:\\Users\\Admin\\Desktop\\Models_and_BladeEngine\\vendor\\laravel\\framework\\src\\Illuminate\\Database\\Console\\Migrations\\MigrateCommand.php(88): Illuminate\\Database\\Console\\Migrations\\MigrateCommand->runMigrations()
#20 C:\\Users\\Admin\\Desktop\\Models_and_BladeEngine\\vendor\\laravel\\framework\\src\\Illuminate\\Container\\BoundMethod.php(36): Illuminate\\Database\\Console\\Migrations\\MigrateCommand->handle()
#21 C:\\Users\\Admin\\Desktop\\Models_and_BladeEngine\\vendor\\laravel\\framework\\src\\Illuminate\\Container\\Util.php(43): Illuminate\\Container\\BoundMethod::Illuminate\\Container\\{closure}()
#22 C:\\Users\\Admin\\Desktop\\Models_and_BladeEngine\\vendor\\laravel\\framework\\src\\Illuminate\\Container\\BoundMethod.php(96): Illuminate\\Container\\Util::unwrapIfClosure()
#23 C:\\Users\\Admin\\Desktop\\Models_and_BladeEngine\\vendor\\laravel\\framework\\src\\Illuminate\\Container\\BoundMethod.php(35): Illuminate\\Container\\BoundMethod::callBoundMethod()
#24 C:\\Users\\Admin\\Desktop\\Models_and_BladeEngine\\vendor\\laravel\\framework\\src\\Illuminate\\Container\\Container.php(754): Illuminate\\Container\\BoundMethod::call()
#25 C:\\Users\\Admin\\Desktop\\Models_and_BladeEngine\\vendor\\laravel\\framework\\src\\Illuminate\\Console\\Command.php(211): Illuminate\\Container\\Container->call()
#26 C:\\Users\\Admin\\Desktop\\Models_and_BladeEngine\\vendor\\symfony\\console\\Command\\Command.php(279): Illuminate\\Console\\Command->execute()
#27 C:\\Users\\Admin\\Desktop\\Models_and_BladeEngine\\vendor\\laravel\\framework\\src\\Illuminate\\Console\\Command.php(180): Symfony\\Component\\Console\\Command\\Command->run()
#28 C:\\Users\\Admin\\Desktop\\Models_and_BladeEngine\\vendor\\symfony\\console\\Application.php(1094): Illuminate\\Console\\Command->run()
#29 C:\\Users\\Admin\\Desktop\\Models_and_BladeEngine\\vendor\\symfony\\console\\Application.php(342): Symfony\\Component\\Console\\Application->doRunCommand()
#30 C:\\Users\\Admin\\Desktop\\Models_and_BladeEngine\\vendor\\symfony\\console\\Application.php(193): Symfony\\Component\\Console\\Application->doRun()
#31 C:\\Users\\Admin\\Desktop\\Models_and_BladeEngine\\vendor\\laravel\\framework\\src\\Illuminate\\Foundation\\Console\\Kernel.php(197): Symfony\\Component\\Console\\Application->run()
#32 C:\\Users\\Admin\\Desktop\\Models_and_BladeEngine\\vendor\\laravel\\framework\\src\\Illuminate\\Foundation\\Application.php(1234): Illuminate\\Foundation\\Console\\Kernel->handle()
#33 C:\\Users\\Admin\\Desktop\\Models_and_BladeEngine\\artisan(16): Illuminate\\Foundation\\Application->handleCommand()
#34 {main}

[previous exception] [object] (PDOException(code: 42S01): SQLSTATE[42S01]: Base table or view already exists: 1050 Table 'books' already exists at C:\\Users\\Admin\\Desktop\\Models_and_BladeEngine\\vendor\\laravel\\framework\\src\\Illuminate\\Database\\Connection.php:568)
[stacktrace]
#0 C:\\Users\\Admin\\Desktop\\Models_and_BladeEngine\\vendor\\laravel\\framework\\src\\Illuminate\\Database\\Connection.php(568): PDOStatement->execute()
#1 C:\\Users\\Admin\\Desktop\\Models_and_BladeEngine\\vendor\\laravel\\framework\\src\\Illuminate\\Database\\Connection.php(809): Illuminate\\Database\\Connection->Illuminate\\Database\\{closure}()
#2 C:\\Users\\Admin\\Desktop\\Models_and_BladeEngine\\vendor\\laravel\\framework\\src\\Illuminate\\Database\\Connection.php(776): Illuminate\\Database\\Connection->runQueryCallback()
#3 C:\\Users\\Admin\\Desktop\\Models_and_BladeEngine\\vendor\\laravel\\framework\\src\\Illuminate\\Database\\Connection.php(557): Illuminate\\Database\\Connection->run()
#4 C:\\Users\\Admin\\Desktop\\Models_and_BladeEngine\\vendor\\laravel\\framework\\src\\Illuminate\\Database\\Schema\\Blueprint.php(119): Illuminate\\Database\\Connection->statement()
#5 C:\\Users\\Admin\\Desktop\\Models_and_BladeEngine\\vendor\\laravel\\framework\\src\\Illuminate\\Database\\Schema\\Builder.php(618): Illuminate\\Database\\Schema\\Blueprint->build()
#6 C:\\Users\\Admin\\Desktop\\Models_and_BladeEngine\\vendor\\laravel\\framework\\src\\Illuminate\\Database\\Schema\\Builder.php(472): Illuminate\\Database\\Schema\\Builder->build()
#7 C:\\Users\\Admin\\Desktop\\Models_and_BladeEngine\\vendor\\laravel\\framework\\src\\Illuminate\\Support\\Facades\\Facade.php(361): Illuminate\\Database\\Schema\\Builder->create()
#8 C:\\Users\\Admin\\Desktop\\Models_and_BladeEngine\\database\\migrations\\2025_03_31_195853_create_books_table.php(14): Illuminate\\Support\\Facades\\Facade::__callStatic()
#9 C:\\Users\\Admin\\Desktop\\Models_and_BladeEngine\\vendor\\laravel\\framework\\src\\Illuminate\\Database\\Migrations\\Migrator.php(514): Illuminate\\Database\\Migrations\\Migration@anonymous->up()
#10 C:\\Users\\Admin\\Desktop\\Models_and_BladeEngine\\vendor\\laravel\\framework\\src\\Illuminate\\Database\\Migrations\\Migrator.php(439): Illuminate\\Database\\Migrations\\Migrator->runMethod()
#11 C:\\Users\\Admin\\Desktop\\Models_and_BladeEngine\\vendor\\laravel\\framework\\src\\Illuminate\\Database\\Migrations\\Migrator.php(448): Illuminate\\Database\\Migrations\\Migrator->Illuminate\\Database\\Migrations\\{closure}()
#12 C:\\Users\\Admin\\Desktop\\Models_and_BladeEngine\\vendor\\laravel\\framework\\src\\Illuminate\\Database\\Migrations\\Migrator.php(250): Illuminate\\Database\\Migrations\\Migrator->runMigration()
#13 C:\\Users\\Admin\\Desktop\\Models_and_BladeEngine\\vendor\\laravel\\framework\\src\\Illuminate\\Console\\View\\Components\\Task.php(41): Illuminate\\Database\\Migrations\\Migrator->Illuminate\\Database\\Migrations\\{closure}()
#14 C:\\Users\\Admin\\Desktop\\Models_and_BladeEngine\\vendor\\laravel\\framework\\src\\Illuminate\\Database\\Migrations\\Migrator.php(805): Illuminate\\Console\\View\\Components\\Task->render()
#15 C:\\Users\\Admin\\Desktop\\Models_and_BladeEngine\\vendor\\laravel\\framework\\src\\Illuminate\\Database\\Migrations\\Migrator.php(250): Illuminate\\Database\\Migrations\\Migrator->write()
#16 C:\\Users\\Admin\\Desktop\\Models_and_BladeEngine\\vendor\\laravel\\framework\\src\\Illuminate\\Database\\Migrations\\Migrator.php(210): Illuminate\\Database\\Migrations\\Migrator->runUp()
#17 C:\\Users\\Admin\\Desktop\\Models_and_BladeEngine\\vendor\\laravel\\framework\\src\\Illuminate\\Database\\Migrations\\Migrator.php(137): Illuminate\\Database\\Migrations\\Migrator->runPending()
#18 C:\\Users\\Admin\\Desktop\\Models_and_BladeEngine\\vendor\\laravel\\framework\\src\\Illuminate\\Database\\Console\\Migrations\\MigrateCommand.php(116): Illuminate\\Database\\Migrations\\Migrator->run()
#19 C:\\Users\\Admin\\Desktop\\Models_and_BladeEngine\\vendor\\laravel\\framework\\src\\Illuminate\\Database\\Migrations\\Migrator.php(665): Illuminate\\Database\\Console\\Migrations\\MigrateCommand->Illuminate\\Database\\Console\\Migrations\\{closure}()
#20 C:\\Users\\Admin\\Desktop\\Models_and_BladeEngine\\vendor\\laravel\\framework\\src\\Illuminate\\Database\\Console\\Migrations\\MigrateCommand.php(109): Illuminate\\Database\\Migrations\\Migrator->usingConnection()
#21 C:\\Users\\Admin\\Desktop\\Models_and_BladeEngine\\vendor\\laravel\\framework\\src\\Illuminate\\Database\\Console\\Migrations\\MigrateCommand.php(88): Illuminate\\Database\\Console\\Migrations\\MigrateCommand->runMigrations()
#22 C:\\Users\\Admin\\Desktop\\Models_and_BladeEngine\\vendor\\laravel\\framework\\src\\Illuminate\\Container\\BoundMethod.php(36): Illuminate\\Database\\Console\\Migrations\\MigrateCommand->handle()
#23 C:\\Users\\Admin\\Desktop\\Models_and_BladeEngine\\vendor\\laravel\\framework\\src\\Illuminate\\Container\\Util.php(43): Illuminate\\Container\\BoundMethod::Illuminate\\Container\\{closure}()
#24 C:\\Users\\Admin\\Desktop\\Models_and_BladeEngine\\vendor\\laravel\\framework\\src\\Illuminate\\Container\\BoundMethod.php(96): Illuminate\\Container\\Util::unwrapIfClosure()
#25 C:\\Users\\Admin\\Desktop\\Models_and_BladeEngine\\vendor\\laravel\\framework\\src\\Illuminate\\Container\\BoundMethod.php(35): Illuminate\\Container\\BoundMethod::callBoundMethod()
#26 C:\\Users\\Admin\\Desktop\\Models_and_BladeEngine\\vendor\\laravel\\framework\\src\\Illuminate\\Container\\Container.php(754): Illuminate\\Container\\BoundMethod::call()
#27 C:\\Users\\Admin\\Desktop\\Models_and_BladeEngine\\vendor\\laravel\\framework\\src\\Illuminate\\Console\\Command.php(211): Illuminate\\Container\\Container->call()
#28 C:\\Users\\Admin\\Desktop\\Models_and_BladeEngine\\vendor\\symfony\\console\\Command\\Command.php(279): Illuminate\\Console\\Command->execute()
#29 C:\\Users\\Admin\\Desktop\\Models_and_BladeEngine\\vendor\\laravel\\framework\\src\\Illuminate\\Console\\Command.php(180): Symfony\\Component\\Console\\Command\\Command->run()
#30 C:\\Users\\Admin\\Desktop\\Models_and_BladeEngine\\vendor\\symfony\\console\\Application.php(1094): Illuminate\\Console\\Command->run()
#31 C:\\Users\\Admin\\Desktop\\Models_and_BladeEngine\\vendor\\symfony\\console\\Application.php(342): Symfony\\Component\\Console\\Application->doRunCommand()
#32 C:\\Users\\Admin\\Desktop\\Models_and_BladeEngine\\vendor\\symfony\\console\\Application.php(193): Symfony\\Component\\Console\\Application->doRun()
#33 C:\\Users\\Admin\\Desktop\\Models_and_BladeEngine\\vendor\\laravel\\framework\\src\\Illuminate\\Foundation\\Console\\Kernel.php(197): Symfony\\Component\\Console\\Application->run()
#34 C:\\Users\\Admin\\Desktop\\Models_and_BladeEngine\\vendor\\laravel\\framework\\src\\Illuminate\\Foundation\\Application.php(1234): Illuminate\\Foundation\\Console\\Kernel->handle()
#35 C:\\Users\\Admin\\Desktop\\Models_and_BladeEngine\\artisan(16): Illuminate\\Foundation\\Application->handleCommand()
#36 {main}
"} 
[2025-03-31 20:41:01] local.ERROR: Vite manifest not found at: C:\Users\Admin\Desktop\Models_and_BladeEngine\public\build/manifest.json (View: C:\Users\Admin\Desktop\Models_and_BladeEngine\resources\views\books\index.blade.php) {"exception":"[object] (Illuminate\\View\\ViewException(code: 0): Vite manifest not found at: C:\\Users\\Admin\\Desktop\\Models_and_BladeEngine\\public\\build/manifest.json (View: C:\\Users\\Admin\\Desktop\\Models_and_BladeEngine\\resources\\views\\books\\index.blade.php) at C:\\Users\\Admin\\Desktop\\Models_and_BladeEngine\\vendor\\laravel\\framework\\src\\Illuminate\\Foundation\\Vite.php:934)
[stacktrace]
#0 C:\\Users\\Admin\\Desktop\\Models_and_BladeEngine\\vendor\\laravel\\framework\\src\\Illuminate\\View\\Engines\\PhpEngine.php(59): Illuminate\\View\\Engines\\CompilerEngine->handleViewException()
#1 C:\\Users\\Admin\\Desktop\\Models_and_BladeEngine\\vendor\\laravel\\framework\\src\\Illuminate\\View\\Engines\\CompilerEngine.php(74): Illuminate\\View\\Engines\\PhpEngine->evaluatePath()
#2 C:\\Users\\Admin\\Desktop\\Models_and_BladeEngine\\vendor\\laravel\\framework\\src\\Illuminate\\View\\View.php(208): Illuminate\\View\\Engines\\CompilerEngine->get()
#3 C:\\Users\\Admin\\Desktop\\Models_and_BladeEngine\\vendor\\laravel\\framework\\src\\Illuminate\\View\\View.php(191): Illuminate\\View\\View->getContents()
#4 C:\\Users\\Admin\\Desktop\\Models_and_BladeEngine\\vendor\\laravel\\framework\\src\\Illuminate\\View\\View.php(160): Illuminate\\View\\View->renderContents()
#5 C:\\Users\\Admin\\Desktop\\Models_and_BladeEngine\\vendor\\laravel\\framework\\src\\Illuminate\\Http\\Response.php(78): Illuminate\\View\\View->render()
#6 C:\\Users\\Admin\\Desktop\\Models_and_BladeEngine\\vendor\\laravel\\framework\\src\\Illuminate\\Http\\Response.php(34): Illuminate\\Http\\Response->setContent()
#7 C:\\Users\\Admin\\Desktop\\Models_and_BladeEngine\\vendor\\laravel\\framework\\src\\Illuminate\\Routing\\Router.php(924): Illuminate\\Http\\Response->__construct()
#8 C:\\Users\\Admin\\Desktop\\Models_and_BladeEngine\\vendor\\laravel\\framework\\src\\Illuminate\\Routing\\Router.php(891): Illuminate\\Routing\\Router::toResponse()
#9 C:\\Users\\Admin\\Desktop\\Models_and_BladeEngine\\vendor\\laravel\\framework\\src\\Illuminate\\Routing\\Router.php(807): Illuminate\\Routing\\Router->prepareResponse()
#10 C:\\Users\\Admin\\Desktop\\Models_and_BladeEngine\\vendor\\laravel\\framework\\src\\Illuminate\\Pipeline\\Pipeline.php(169): Illuminate\\Routing\\Router->Illuminate\\Routing\\{closure}()
#11 C:\\Users\\Admin\\Desktop\\Models_and_BladeEngine\\vendor\\laravel\\framework\\src\\Illuminate\\Routing\\Middleware\\SubstituteBindings.php(50): Illuminate\\Pipeline\\Pipeline->Illuminate\\Pipeline\\{closure}()
#12 C:\\Users\\Admin\\Desktop\\Models_and_BladeEngine\\vendor\\laravel\\framework\\src\\Illuminate\\Pipeline\\Pipeline.php(208): Illuminate\\Routing\\Middleware\\SubstituteBindings->handle()
#13 C:\\Users\\Admin\\Desktop\\Models_and_BladeEngine\\vendor\\laravel\\framework\\src\\Illuminate\\Foundation\\Http\\Middleware\\VerifyCsrfToken.php(87): Illuminate\\Pipeline\\Pipeline->Illuminate\\Pipeline\\{closure}()
#14 C:\\Users\\Admin\\Desktop\\Models_and_BladeEngine\\vendor\\laravel\\framework\\src\\Illuminate\\Pipeline\\Pipeline.php(208): Illuminate\\Foundation\\Http\\Middleware\\VerifyCsrfToken->handle()
#15 C:\\Users\\Admin\\Desktop\\Models_and_BladeEngine\\vendor\\laravel\\framework\\src\\Illuminate\\View\\Middleware\\ShareErrorsFromSession.php(48): Illuminate\\Pipeline\\Pipeline->Illuminate\\Pipeline\\{closure}()
#16 C:\\Users\\Admin\\Desktop\\Models_and_BladeEngine\\vendor\\laravel\\framework\\src\\Illuminate\\Pipeline\\Pipeline.php(208): Illuminate\\View\\Middleware\\ShareErrorsFromSession->handle()
#17 C:\\Users\\Admin\\Desktop\\Models_and_BladeEngine\\vendor\\laravel\\framework\\src\\Illuminate\\Session\\Middleware\\StartSession.php(120): Illuminate\\Pipeline\\Pipeline->Illuminate\\Pipeline\\{closure}()
#18 C:\\Users\\Admin\\Desktop\\Models_and_BladeEngine\\vendor\\laravel\\framework\\src\\Illuminate\\Session\\Middleware\\StartSession.php(63): Illuminate\\Session\\Middleware\\StartSession->handleStatefulRequest()
#19 C:\\Users\\Admin\\Desktop\\Models_and_BladeEngine\\vendor\\laravel\\framework\\src\\Illuminate\\Pipeline\\Pipeline.php(208): Illuminate\\Session\\Middleware\\StartSession->handle()
#20 C:\\Users\\Admin\\Desktop\\Models_and_BladeEngine\\vendor\\laravel\\framework\\src\\Illuminate\\Cookie\\Middleware\\AddQueuedCookiesToResponse.php(36): Illuminate\\Pipeline\\Pipeline->Illuminate\\Pipeline\\{closure}()
#21 C:\\Users\\Admin\\Desktop\\Models_and_BladeEngine\\vendor\\laravel\\framework\\src\\Illuminate\\Pipeline\\Pipeline.php(208): Illuminate\\Cookie\\Middleware\\AddQueuedCookiesToResponse->handle()
#22 C:\\Users\\Admin\\Desktop\\Models_and_BladeEngine\\vendor\\laravel\\framework\\src\\Illuminate\\Cookie\\Middleware\\EncryptCookies.php(74): Illuminate\\Pipeline\\Pipeline->Illuminate\\Pipeline\\{closure}()
#23 C:\\Users\\Admin\\Desktop\\Models_and_BladeEngine\\vendor\\laravel\\framework\\src\\Illuminate\\Pipeline\\Pipeline.php(208): Illuminate\\Cookie\\Middleware\\EncryptCookies->handle()
#24 C:\\Users\\Admin\\Desktop\\Models_and_BladeEngine\\vendor\\laravel\\framework\\src\\Illuminate\\Pipeline\\Pipeline.php(126): Illuminate\\Pipeline\\Pipeline->Illuminate\\Pipeline\\{closure}()
#25 C:\\Users\\Admin\\Desktop\\Models_and_BladeEngine\\vendor\\laravel\\framework\\src\\Illuminate\\Routing\\Router.php(807): Illuminate\\Pipeline\\Pipeline->then()
#26 C:\\Users\\Admin\\Desktop\\Models_and_BladeEngine\\vendor\\laravel\\framework\\src\\Illuminate\\Routing\\Router.php(786): Illuminate\\Routing\\Router->runRouteWithinStack()
#27 C:\\Users\\Admin\\Desktop\\Models_and_BladeEngine\\vendor\\laravel\\framework\\src\\Illuminate\\Routing\\Router.php(750): Illuminate\\Routing\\Router->runRoute()
#28 C:\\Users\\Admin\\Desktop\\Models_and_BladeEngine\\vendor\\laravel\\framework\\src\\Illuminate\\Routing\\Router.php(739): Illuminate\\Routing\\Router->dispatchToRoute()
#29 C:\\Users\\Admin\\Desktop\\Models_and_BladeEngine\\vendor\\laravel\\framework\\src\\Illuminate\\Foundation\\Http\\Kernel.php(200): Illuminate\\Routing\\Router->dispatch()
#30 C:\\Users\\Admin\\Desktop\\Models_and_BladeEngine\\vendor\\laravel\\framework\\src\\Illuminate\\Pipeline\\Pipeline.php(169): Illuminate\\Foundation\\Http\\Kernel->Illuminate\\Foundation\\Http\\{closure}()
#31 C:\\Users\\Admin\\Desktop\\Models_and_BladeEngine\\vendor\\laravel\\framework\\src\\Illuminate\\Foundation\\Http\\Middleware\\TransformsRequest.php(21): Illuminate\\Pipeline\\Pipeline->Illuminate\\Pipeline\\{closure}()
#32 C:\\Users\\Admin\\Desktop\\Models_and_BladeEngine\\vendor\\laravel\\framework\\src\\Illuminate\\Foundation\\Http\\Middleware\\ConvertEmptyStringsToNull.php(31): Illuminate\\Foundation\\Http\\Middleware\\TransformsRequest->handle()
#33 C:\\Users\\Admin\\Desktop\\Models_and_BladeEngine\\vendor\\laravel\\framework\\src\\Illuminate\\Pipeline\\Pipeline.php(208): Illuminate\\Foundation\\Http\\Middleware\\ConvertEmptyStringsToNull->handle()
#34 C:\\Users\\Admin\\Desktop\\Models_and_BladeEngine\\vendor\\laravel\\framework\\src\\Illuminate\\Foundation\\Http\\Middleware\\TransformsRequest.php(21): Illuminate\\Pipeline\\Pipeline->Illuminate\\Pipeline\\{closure}()
#35 C:\\Users\\Admin\\Desktop\\Models_and_BladeEngine\\vendor\\laravel\\framework\\src\\Illuminate\\Foundation\\Http\\Middleware\\TrimStrings.php(51): Illuminate\\Foundation\\Http\\Middleware\\TransformsRequest->handle()
#36 C:\\Users\\Admin\\Desktop\\Models_and_BladeEngine\\vendor\\laravel\\framework\\src\\Illuminate\\Pipeline\\Pipeline.php(208): Illuminate\\Foundation\\Http\\Middleware\\TrimStrings->handle()
#37 C:\\Users\\Admin\\Desktop\\Models_and_BladeEngine\\vendor\\laravel\\framework\\src\\Illuminate\\Http\\Middleware\\ValidatePostSize.php(27): Illuminate\\Pipeline\\Pipeline->Illuminate\\Pipeline\\{closure}()
#38 C:\\Users\\Admin\\Desktop\\Models_and_BladeEngine\\vendor\\laravel\\framework\\src\\Illuminate\\Pipeline\\Pipeline.php(208): Illuminate\\Http\\Middleware\\ValidatePostSize->handle()
#39 C:\\Users\\Admin\\Desktop\\Models_and_BladeEngine\\vendor\\laravel\\framework\\src\\Illuminate\\Foundation\\Http\\Middleware\\PreventRequestsDuringMaintenance.php(109): Illuminate\\Pipeline\\Pipeline->Illuminate\\Pipeline\\{closure}()
#40 C:\\Users\\Admin\\Desktop\\Models_and_BladeEngine\\vendor\\laravel\\framework\\src\\Illuminate\\Pipeline\\Pipeline.php(208): Illuminate\\Foundation\\Http\\Middleware\\PreventRequestsDuringMaintenance->handle()
#41 C:\\Users\\Admin\\Desktop\\Models_and_BladeEngine\\vendor\\laravel\\framework\\src\\Illuminate\\Http\\Middleware\\HandleCors.php(48): Illuminate\\Pipeline\\Pipeline->Illuminate\\Pipeline\\{closure}()
#42 C:\\Users\\Admin\\Desktop\\Models_and_BladeEngine\\vendor\\laravel\\framework\\src\\Illuminate\\Pipeline\\Pipeline.php(208): Illuminate\\Http\\Middleware\\HandleCors->handle()
#43 C:\\Users\\Admin\\Desktop\\Models_and_BladeEngine\\vendor\\laravel\\framework\\src\\Illuminate\\Http\\Middleware\\TrustProxies.php(58): Illuminate\\Pipeline\\Pipeline->Illuminate\\Pipeline\\{closure}()
#44 C:\\Users\\Admin\\Desktop\\Models_and_BladeEngine\\vendor\\laravel\\framework\\src\\Illuminate\\Pipeline\\Pipeline.php(208): Illuminate\\Http\\Middleware\\TrustProxies->handle()
#45 C:\\Users\\Admin\\Desktop\\Models_and_BladeEngine\\vendor\\laravel\\framework\\src\\Illuminate\\Foundation\\Http\\Middleware\\InvokeDeferredCallbacks.php(22): Illuminate\\Pipeline\\Pipeline->Illuminate\\Pipeline\\{closure}()
#46 C:\\Users\\Admin\\Desktop\\Models_and_BladeEngine\\vendor\\laravel\\framework\\src\\Illuminate\\Pipeline\\Pipeline.php(208): Illuminate\\Foundation\\Http\\Middleware\\InvokeDeferredCallbacks->handle()
#47 C:\\Users\\Admin\\Desktop\\Models_and_BladeEngine\\vendor\\laravel\\framework\\src\\Illuminate\\Http\\Middleware\\ValidatePathEncoding.php(26): Illuminate\\Pipeline\\Pipeline->Illuminate\\Pipeline\\{closure}()
#48 C:\\Users\\Admin\\Desktop\\Models_and_BladeEngine\\vendor\\laravel\\framework\\src\\Illuminate\\Pipeline\\Pipeline.php(208): Illuminate\\Http\\Middleware\\ValidatePathEncoding->handle()
#49 C:\\Users\\Admin\\Desktop\\Models_and_BladeEngine\\vendor\\laravel\\framework\\src\\Illuminate\\Pipeline\\Pipeline.php(126): Illuminate\\Pipeline\\Pipeline->Illuminate\\Pipeline\\{closure}()
#50 C:\\Users\\Admin\\Desktop\\Models_and_BladeEngine\\vendor\\laravel\\framework\\src\\Illuminate\\Foundation\\Http\\Kernel.php(175): Illuminate\\Pipeline\\Pipeline->then()
#51 C:\\Users\\Admin\\Desktop\\Models_and_BladeEngine\\vendor\\laravel\\framework\\src\\Illuminate\\Foundation\\Http\\Kernel.php(144): Illuminate\\Foundation\\Http\\Kernel->sendRequestThroughRouter()
#52 C:\\Users\\Admin\\Desktop\\Models_and_BladeEngine\\vendor\\laravel\\framework\\src\\Illuminate\\Foundation\\Application.php(1219): Illuminate\\Foundation\\Http\\Kernel->handle()
#53 C:\\Users\\Admin\\Desktop\\Models_and_BladeEngine\\public\\index.php(20): Illuminate\\Foundation\\Application->handleRequest()
#54 C:\\Users\\Admin\\Desktop\\Models_and_BladeEngine\\vendor\\laravel\\framework\\src\\Illuminate\\Foundation\\resources\\server.php(23): require_once('...')
#55 {main}

[previous exception] [object] (Illuminate\\Foundation\\ViteManifestNotFoundException(code: 0): Vite manifest not found at: C:\\Users\\Admin\\Desktop\\Models_and_BladeEngine\\public\\build/manifest.json at C:\\Users\\Admin\\Desktop\\Models_and_BladeEngine\\vendor\\laravel\\framework\\src\\Illuminate\\Foundation\\Vite.php:934)
[stacktrace]
#0 C:\\Users\\Admin\\Desktop\\Models_and_BladeEngine\\vendor\\laravel\\framework\\src\\Illuminate\\Foundation\\Vite.php(384): Illuminate\\Foundation\\Vite->manifest()
#1 C:\\Users\\Admin\\Desktop\\Models_and_BladeEngine\\storage\\framework\\views\\62d935a39e6b0c8ad6ed27a2f03566d7.php(7): Illuminate\\Foundation\\Vite->__invoke()
#2 C:\\Users\\Admin\\Desktop\\Models_and_BladeEngine\\vendor\\laravel\\framework\\src\\Illuminate\\Filesystem\\Filesystem.php(123): require('...')
#3 C:\\Users\\Admin\\Desktop\\Models_and_BladeEngine\\vendor\\laravel\\framework\\src\\Illuminate\\Filesystem\\Filesystem.php(124): Illuminate\\Filesystem\\Filesystem::Illuminate\\Filesystem\\{closure}()
#4 C:\\Users\\Admin\\Desktop\\Models_and_BladeEngine\\vendor\\laravel\\framework\\src\\Illuminate\\View\\Engines\\PhpEngine.php(57): Illuminate\\Filesystem\\Filesystem->getRequire()
#5 C:\\Users\\Admin\\Desktop\\Models_and_BladeEngine\\vendor\\laravel\\framework\\src\\Illuminate\\View\\Engines\\CompilerEngine.php(74): Illuminate\\View\\Engines\\PhpEngine->evaluatePath()
#6 C:\\Users\\Admin\\Desktop\\Models_and_BladeEngine\\vendor\\laravel\\framework\\src\\Illuminate\\View\\View.php(208): Illuminate\\View\\Engines\\CompilerEngine->get()
#7 C:\\Users\\Admin\\Desktop\\Models_and_BladeEngine\\vendor\\laravel\\framework\\src\\Illuminate\\View\\View.php(191): Illuminate\\View\\View->getContents()
#8 C:\\Users\\Admin\\Desktop\\Models_and_BladeEngine\\vendor\\laravel\\framework\\src\\Illuminate\\View\\View.php(160): Illuminate\\View\\View->renderContents()
#9 C:\\Users\\Admin\\Desktop\\Models_and_BladeEngine\\vendor\\laravel\\framework\\src\\Illuminate\\Http\\Response.php(78): Illuminate\\View\\View->render()
#10 C:\\Users\\Admin\\Desktop\\Models_and_BladeEngine\\vendor\\laravel\\framework\\src\\Illuminate\\Http\\Response.php(34): Illuminate\\Http\\Response->setContent()
#11 C:\\Users\\Admin\\Desktop\\Models_and_BladeEngine\\vendor\\laravel\\framework\\src\\Illuminate\\Routing\\Router.php(924): Illuminate\\Http\\Response->__construct()
#12 C:\\Users\\Admin\\Desktop\\Models_and_BladeEngine\\vendor\\laravel\\framework\\src\\Illuminate\\Routing\\Router.php(891): Illuminate\\Routing\\Router::toResponse()
#13 C:\\Users\\Admin\\Desktop\\Models_and_BladeEngine\\vendor\\laravel\\framework\\src\\Illuminate\\Routing\\Router.php(807): Illuminate\\Routing\\Router->prepareResponse()
#14 C:\\Users\\Admin\\Desktop\\Models_and_BladeEngine\\vendor\\laravel\\framework\\src\\Illuminate\\Pipeline\\Pipeline.php(169): Illuminate\\Routing\\Router->Illuminate\\Routing\\{closure}()
#15 C:\\Users\\Admin\\Desktop\\Models_and_BladeEngine\\vendor\\laravel\\framework\\src\\Illuminate\\Routing\\Middleware\\SubstituteBindings.php(50): Illuminate\\Pipeline\\Pipeline->Illuminate\\Pipeline\\{closure}()
#16 C:\\Users\\Admin\\Desktop\\Models_and_BladeEngine\\vendor\\laravel\\framework\\src\\Illuminate\\Pipeline\\Pipeline.php(208): Illuminate\\Routing\\Middleware\\SubstituteBindings->handle()
#17 C:\\Users\\Admin\\Desktop\\Models_and_BladeEngine\\vendor\\laravel\\framework\\src\\Illuminate\\Foundation\\Http\\Middleware\\VerifyCsrfToken.php(87): Illuminate\\Pipeline\\Pipeline->Illuminate\\Pipeline\\{closure}()
#18 C:\\Users\\Admin\\Desktop\\Models_and_BladeEngine\\vendor\\laravel\\framework\\src\\Illuminate\\Pipeline\\Pipeline.php(208): Illuminate\\Foundation\\Http\\Middleware\\VerifyCsrfToken->handle()
#19 C:\\Users\\Admin\\Desktop\\Models_and_BladeEngine\\vendor\\laravel\\framework\\src\\Illuminate\\View\\Middleware\\ShareErrorsFromSession.php(48): Illuminate\\Pipeline\\Pipeline->Illuminate\\Pipeline\\{closure}()
#20 C:\\Users\\Admin\\Desktop\\Models_and_BladeEngine\\vendor\\laravel\\framework\\src\\Illuminate\\Pipeline\\Pipeline.php(208): Illuminate\\View\\Middleware\\ShareErrorsFromSession->handle()
#21 C:\\Users\\Admin\\Desktop\\Models_and_BladeEngine\\vendor\\laravel\\framework\\src\\Illuminate\\Session\\Middleware\\StartSession.php(120): Illuminate\\Pipeline\\Pipeline->Illuminate\\Pipeline\\{closure}()
#22 C:\\Users\\Admin\\Desktop\\Models_and_BladeEngine\\vendor\\laravel\\framework\\src\\Illuminate\\Session\\Middleware\\StartSession.php(63): Illuminate\\Session\\Middleware\\StartSession->handleStatefulRequest()
#23 C:\\Users\\Admin\\Desktop\\Models_and_BladeEngine\\vendor\\laravel\\framework\\src\\Illuminate\\Pipeline\\Pipeline.php(208): Illuminate\\Session\\Middleware\\StartSession->handle()
#24 C:\\Users\\Admin\\Desktop\\Models_and_BladeEngine\\vendor\\laravel\\framework\\src\\Illuminate\\Cookie\\Middleware\\AddQueuedCookiesToResponse.php(36): Illuminate\\Pipeline\\Pipeline->Illuminate\\Pipeline\\{closure}()
#25 C:\\Users\\Admin\\Desktop\\Models_and_BladeEngine\\vendor\\laravel\\framework\\src\\Illuminate\\Pipeline\\Pipeline.php(208): Illuminate\\Cookie\\Middleware\\AddQueuedCookiesToResponse->handle()
#26 C:\\Users\\Admin\\Desktop\\Models_and_BladeEngine\\vendor\\laravel\\framework\\src\\Illuminate\\Cookie\\Middleware\\EncryptCookies.php(74): Illuminate\\Pipeline\\Pipeline->Illuminate\\Pipeline\\{closure}()
#27 C:\\Users\\Admin\\Desktop\\Models_and_BladeEngine\\vendor\\laravel\\framework\\src\\Illuminate\\Pipeline\\Pipeline.php(208): Illuminate\\Cookie\\Middleware\\EncryptCookies->handle()
#28 C:\\Users\\Admin\\Desktop\\Models_and_BladeEngine\\vendor\\laravel\\framework\\src\\Illuminate\\Pipeline\\Pipeline.php(126): Illuminate\\Pipeline\\Pipeline->Illuminate\\Pipeline\\{closure}()
#29 C:\\Users\\Admin\\Desktop\\Models_and_BladeEngine\\vendor\\laravel\\framework\\src\\Illuminate\\Routing\\Router.php(807): Illuminate\\Pipeline\\Pipeline->then()
#30 C:\\Users\\Admin\\Desktop\\Models_and_BladeEngine\\vendor\\laravel\\framework\\src\\Illuminate\\Routing\\Router.php(786): Illuminate\\Routing\\Router->runRouteWithinStack()
#31 C:\\Users\\Admin\\Desktop\\Models_and_BladeEngine\\vendor\\laravel\\framework\\src\\Illuminate\\Routing\\Router.php(750): Illuminate\\Routing\\Router->runRoute()
#32 C:\\Users\\Admin\\Desktop\\Models_and_BladeEngine\\vendor\\laravel\\framework\\src\\Illuminate\\Routing\\Router.php(739): Illuminate\\Routing\\Router->dispatchToRoute()
#33 C:\\Users\\Admin\\Desktop\\Models_and_BladeEngine\\vendor\\laravel\\framework\\src\\Illuminate\\Foundation\\Http\\Kernel.php(200): Illuminate\\Routing\\Router->dispatch()
#34 C:\\Users\\Admin\\Desktop\\Models_and_BladeEngine\\vendor\\laravel\\framework\\src\\Illuminate\\Pipeline\\Pipeline.php(169): Illuminate\\Foundation\\Http\\Kernel->Illuminate\\Foundation\\Http\\{closure}()
#35 C:\\Users\\Admin\\Desktop\\Models_and_BladeEngine\\vendor\\laravel\\framework\\src\\Illuminate\\Foundation\\Http\\Middleware\\TransformsRequest.php(21): Illuminate\\Pipeline\\Pipeline->Illuminate\\Pipeline\\{closure}()
#36 C:\\Users\\Admin\\Desktop\\Models_and_BladeEngine\\vendor\\laravel\\framework\\src\\Illuminate\\Foundation\\Http\\Middleware\\ConvertEmptyStringsToNull.php(31): Illuminate\\Foundation\\Http\\Middleware\\TransformsRequest->handle()
#37 C:\\Users\\Admin\\Desktop\\Models_and_BladeEngine\\vendor\\laravel\\framework\\src\\Illuminate\\Pipeline\\Pipeline.php(208): Illuminate\\Foundation\\Http\\Middleware\\ConvertEmptyStringsToNull->handle()
#38 C:\\Users\\Admin\\Desktop\\Models_and_BladeEngine\\vendor\\laravel\\framework\\src\\Illuminate\\Foundation\\Http\\Middleware\\TransformsRequest.php(21): Illuminate\\Pipeline\\Pipeline->Illuminate\\Pipeline\\{closure}()
#39 C:\\Users\\Admin\\Desktop\\Models_and_BladeEngine\\vendor\\laravel\\framework\\src\\Illuminate\\Foundation\\Http\\Middleware\\TrimStrings.php(51): Illuminate\\Foundation\\Http\\Middleware\\TransformsRequest->handle()
#40 C:\\Users\\Admin\\Desktop\\Models_and_BladeEngine\\vendor\\laravel\\framework\\src\\Illuminate\\Pipeline\\Pipeline.php(208): Illuminate\\Foundation\\Http\\Middleware\\TrimStrings->handle()
#41 C:\\Users\\Admin\\Desktop\\Models_and_BladeEngine\\vendor\\laravel\\framework\\src\\Illuminate\\Http\\Middleware\\ValidatePostSize.php(27): Illuminate\\Pipeline\\Pipeline->Illuminate\\Pipeline\\{closure}()
#42 C:\\Users\\Admin\\Desktop\\Models_and_BladeEngine\\vendor\\laravel\\framework\\src\\Illuminate\\Pipeline\\Pipeline.php(208): Illuminate\\Http\\Middleware\\ValidatePostSize->handle()
#43 C:\\Users\\Admin\\Desktop\\Models_and_BladeEngine\\vendor\\laravel\\framework\\src\\Illuminate\\Foundation\\Http\\Middleware\\PreventRequestsDuringMaintenance.php(109): Illuminate\\Pipeline\\Pipeline->Illuminate\\Pipeline\\{closure}()
#44 C:\\Users\\Admin\\Desktop\\Models_and_BladeEngine\\vendor\\laravel\\framework\\src\\Illuminate\\Pipeline\\Pipeline.php(208): Illuminate\\Foundation\\Http\\Middleware\\PreventRequestsDuringMaintenance->handle()
#45 C:\\Users\\Admin\\Desktop\\Models_and_BladeEngine\\vendor\\laravel\\framework\\src\\Illuminate\\Http\\Middleware\\HandleCors.php(48): Illuminate\\Pipeline\\Pipeline->Illuminate\\Pipeline\\{closure}()
#46 C:\\Users\\Admin\\Desktop\\Models_and_BladeEngine\\vendor\\laravel\\framework\\src\\Illuminate\\Pipeline\\Pipeline.php(208): Illuminate\\Http\\Middleware\\HandleCors->handle()
#47 C:\\Users\\Admin\\Desktop\\Models_and_BladeEngine\\vendor\\laravel\\framework\\src\\Illuminate\\Http\\Middleware\\TrustProxies.php(58): Illuminate\\Pipeline\\Pipeline->Illuminate\\Pipeline\\{closure}()
#48 C:\\Users\\Admin\\Desktop\\Models_and_BladeEngine\\vendor\\laravel\\framework\\src\\Illuminate\\Pipeline\\Pipeline.php(208): Illuminate\\Http\\Middleware\\TrustProxies->handle()
#49 C:\\Users\\Admin\\Desktop\\Models_and_BladeEngine\\vendor\\laravel\\framework\\src\\Illuminate\\Foundation\\Http\\Middleware\\InvokeDeferredCallbacks.php(22): Illuminate\\Pipeline\\Pipeline->Illuminate\\Pipeline\\{closure}()
#50 C:\\Users\\Admin\\Desktop\\Models_and_BladeEngine\\vendor\\laravel\\framework\\src\\Illuminate\\Pipeline\\Pipeline.php(208): Illuminate\\Foundation\\Http\\Middleware\\InvokeDeferredCallbacks->handle()
#51 C:\\Users\\Admin\\Desktop\\Models_and_BladeEngine\\vendor\\laravel\\framework\\src\\Illuminate\\Http\\Middleware\\ValidatePathEncoding.php(26): Illuminate\\Pipeline\\Pipeline->Illuminate\\Pipeline\\{closure}()
#52 C:\\Users\\Admin\\Desktop\\Models_and_BladeEngine\\vendor\\laravel\\framework\\src\\Illuminate\\Pipeline\\Pipeline.php(208): Illuminate\\Http\\Middleware\\ValidatePathEncoding->handle()
#53 C:\\Users\\Admin\\Desktop\\Models_and_BladeEngine\\vendor\\laravel\\framework\\src\\Illuminate\\Pipeline\\Pipeline.php(126): Illuminate\\Pipeline\\Pipeline->Illuminate\\Pipeline\\{closure}()
#54 C:\\Users\\Admin\\Desktop\\Models_and_BladeEngine\\vendor\\laravel\\framework\\src\\Illuminate\\Foundation\\Http\\Kernel.php(175): Illuminate\\Pipeline\\Pipeline->then()
#55 C:\\Users\\Admin\\Desktop\\Models_and_BladeEngine\\vendor\\laravel\\framework\\src\\Illuminate\\Foundation\\Http\\Kernel.php(144): Illuminate\\Foundation\\Http\\Kernel->sendRequestThroughRouter()
#56 C:\\Users\\Admin\\Desktop\\Models_and_BladeEngine\\vendor\\laravel\\framework\\src\\Illuminate\\Foundation\\Application.php(1219): Illuminate\\Foundation\\Http\\Kernel->handle()
#57 C:\\Users\\Admin\\Desktop\\Models_and_BladeEngine\\public\\index.php(20): Illuminate\\Foundation\\Application->handleRequest()
#58 C:\\Users\\Admin\\Desktop\\Models_and_BladeEngine\\vendor\\laravel\\framework\\src\\Illuminate\\Foundation\\resources\\server.php(23): require_once('...')
#59 {main}
"} 
